2025-04-10 13:11:20,998 - INFO - Starting class availability monitor...
2025-04-10 13:11:20,999 - INFO - Monitoring URL: https://bnrordsp.neu.edu/ssb-prod/bwckschd.p_disp_listcrse?term_in=202610&subj_in=MATH&crse_in=2341&crn_in=10359
2025-04-10 13:11:20,999 - INFO - Check interval: 60 seconds
2025-04-10 13:11:21,172 - WARNING - Could not find 'Remaining' seats information in the page
2025-04-10 13:12:21,305 - WARNING - Could not find 'Remaining' seats information in the page
2025-04-10 13:13:21,460 - WARNING - Could not find 'Remaining' seats information in the page
2025-04-10 13:14:21,592 - WARNING - Could not find 'Remaining' seats information in the page
2025-04-10 13:14:54,638 - INFO - Starting Northeastern class availability monitor...
2025-04-10 13:14:54,638 - INFO - Monitoring URL: https://bnrordsp.neu.edu/ssb-prod/bwckschd.p_disp_listcrse?term_in=202610&subj_in=MATH&crse_in=2341&crn_in=10359
2025-04-10 13:14:54,638 - INFO - Check interval: 60 seconds
2025-04-10 13:14:54,638 - INFO - Checking at 2025-04-10 13:14:54...
2025-04-10 13:14:54,778 - INFO - Check completed: 0 seats remaining
2025-04-10 13:14:54,778 - INFO - Class is still full.
2025-04-10 13:15:54,779 - INFO - Checking at 2025-04-10 13:15:54...
2025-04-10 13:15:54,913 - INFO - Check completed: 0 seats remaining
2025-04-10 13:15:54,913 - INFO - Class is still full.
2025-04-10 13:16:52,857 - INFO - Monitoring stopped by user.
2025-04-10 13:17:59,734 - INFO - Starting Northeastern class availability monitor...
2025-04-10 13:17:59,735 - INFO - Monitoring URL: https://bnrordsp.neu.edu/ssb-prod/bwckschd.p_disp_listcrse?term_in=202610&subj_in=MATH&crse_in=2341&crn_in=10359
2025-04-10 13:17:59,735 - INFO - Check interval: 60 seconds
2025-04-10 13:17:59,735 - INFO - Checking at 2025-04-10 13:17:59...
2025-04-10 13:17:59,870 - INFO - Check completed: 0 seats remaining
2025-04-10 13:18:00,848 - INFO - Email notification sent successfully! 0 seats available.
2025-04-10 13:18:00,849 - INFO - Class is available! Notification sent.
2025-04-10 13:19:00,849 - INFO - Checking at 2025-04-10 13:19:00...
2025-04-10 13:19:00,985 - INFO - Check completed: 0 seats remaining
2025-04-10 13:19:01,681 - INFO - Email notification sent successfully! 0 seats available.
2025-04-10 13:19:01,682 - INFO - Class is still available. Notification already sent.
2025-04-10 13:19:29,712 - INFO - Monitoring stopped by user.
2025-04-10 13:27:36,309 - INFO - Starting Northeastern class availability monitor...
2025-04-10 13:27:36,310 - INFO - Monitoring URL: https://bnrordsp.neu.edu/ssb-prod/bwckschd.p_disp_listcrse?term_in=202610&subj_in=MATH&crse_in=2341&crn_in=10359
2025-04-10 13:27:36,310 - INFO - Check interval: 60 seconds
2025-04-10 13:27:36,310 - INFO - Checking at 2025-04-10 13:27:36...
2025-04-10 13:27:36,457 - INFO - Check completed: 0 seats remaining
2025-04-10 13:27:36,457 - INFO - Class is still full.
2025-04-10 13:28:36,457 - INFO - Checking at 2025-04-10 13:28:36...
2025-04-10 13:28:36,592 - INFO - Check completed: 0 seats remaining
2025-04-10 13:28:36,592 - INFO - Class is still full.
2025-04-10 13:29:36,592 - INFO - Checking at 2025-04-10 13:29:36...
2025-04-10 13:29:36,730 - INFO - Check completed: 0 seats remaining
2025-04-10 13:29:36,730 - INFO - Class is still full.
2025-04-10 13:30:36,730 - INFO - Checking at 2025-04-10 13:30:36...
2025-04-10 13:30:36,861 - INFO - Check completed: 0 seats remaining
2025-04-10 13:30:36,861 - INFO - Class is still full.
2025-04-10 13:31:36,862 - INFO - Checking at 2025-04-10 13:31:36...
2025-04-10 13:31:36,999 - INFO - Check completed: 0 seats remaining
2025-04-10 13:31:37,000 - INFO - Class is still full.
2025-04-10 13:32:37,000 - INFO - Checking at 2025-04-10 13:32:37...
2025-04-10 13:32:37,150 - INFO - Check completed: 0 seats remaining
2025-04-10 13:32:37,150 - INFO - Class is still full.
2025-04-10 13:33:37,150 - INFO - Checking at 2025-04-10 13:33:37...
2025-04-10 13:33:37,281 - INFO - Check completed: 0 seats remaining
2025-04-10 13:33:37,281 - INFO - Class is still full.
2025-04-10 13:34:37,281 - INFO - Checking at 2025-04-10 13:34:37...
2025-04-10 13:34:37,440 - INFO - Check completed: 0 seats remaining
2025-04-10 13:34:37,440 - INFO - Class is still full.
2025-04-10 13:35:37,440 - INFO - Checking at 2025-04-10 13:35:37...
2025-04-10 13:35:37,580 - INFO - Check completed: 0 seats remaining
2025-04-10 13:35:37,580 - INFO - Class is still full.
2025-04-10 13:36:37,580 - INFO - Checking at 2025-04-10 13:36:37...
2025-04-10 13:36:37,760 - INFO - Check completed: 0 seats remaining
2025-04-10 13:36:37,761 - INFO - Class is still full.
2025-04-10 13:37:37,761 - INFO - Checking at 2025-04-10 13:37:37...
2025-04-10 13:37:37,931 - INFO - Check completed: 0 seats remaining
2025-04-10 13:37:37,931 - INFO - Class is still full.
2025-04-10 13:38:37,931 - INFO - Checking at 2025-04-10 13:38:37...
2025-04-10 13:38:38,080 - INFO - Check completed: 0 seats remaining
2025-04-10 13:38:38,080 - INFO - Class is still full.
2025-04-10 13:39:38,080 - INFO - Checking at 2025-04-10 13:39:38...
2025-04-10 13:39:38,255 - INFO - Check completed: 0 seats remaining
2025-04-10 13:39:38,256 - INFO - Class is still full.
2025-04-10 13:40:38,256 - INFO - Checking at 2025-04-10 13:40:38...
2025-04-10 13:40:38,395 - INFO - Check completed: 0 seats remaining
2025-04-10 13:40:38,395 - INFO - Class is still full.
2025-04-10 13:41:38,396 - INFO - Checking at 2025-04-10 13:41:38...
2025-04-10 13:41:38,562 - INFO - Check completed: 0 seats remaining
2025-04-10 13:41:38,562 - INFO - Class is still full.
2025-04-10 13:42:38,563 - INFO - Checking at 2025-04-10 13:42:38...
2025-04-10 13:42:38,694 - INFO - Check completed: 0 seats remaining
2025-04-10 13:42:38,694 - INFO - Class is still full.
2025-04-10 13:43:38,694 - INFO - Checking at 2025-04-10 13:43:38...
2025-04-10 13:43:38,841 - INFO - Check completed: 0 seats remaining
2025-04-10 13:43:38,841 - INFO - Class is still full.
2025-04-10 13:44:38,841 - INFO - Checking at 2025-04-10 13:44:38...
2025-04-10 13:44:38,988 - INFO - Check completed: 0 seats remaining
2025-04-10 13:44:38,988 - INFO - Class is still full.
2025-04-10 13:45:38,989 - INFO - Checking at 2025-04-10 13:45:38...
2025-04-10 13:45:39,124 - INFO - Check completed: 0 seats remaining
2025-04-10 13:45:39,125 - INFO - Class is still full.
2025-04-10 13:46:39,125 - INFO - Checking at 2025-04-10 13:46:39...
2025-04-10 13:46:39,291 - INFO - Check completed: 0 seats remaining
2025-04-10 13:46:39,292 - INFO - Class is still full.
2025-04-10 13:47:39,292 - INFO - Checking at 2025-04-10 13:47:39...
2025-04-10 13:47:39,425 - INFO - Check completed: 0 seats remaining
2025-04-10 13:47:39,426 - INFO - Class is still full.
2025-04-10 13:48:39,426 - INFO - Checking at 2025-04-10 13:48:39...
2025-04-10 13:48:39,584 - INFO - Check completed: 0 seats remaining
2025-04-10 13:48:39,585 - INFO - Class is still full.
2025-04-10 13:49:39,585 - INFO - Checking at 2025-04-10 13:49:39...
2025-04-10 13:49:39,747 - INFO - Check completed: 0 seats remaining
2025-04-10 13:49:39,748 - INFO - Class is still full.
2025-04-10 13:50:39,748 - INFO - Checking at 2025-04-10 13:50:39...
2025-04-10 13:50:39,900 - INFO - Check completed: 0 seats remaining
2025-04-10 13:50:39,901 - INFO - Class is still full.
2025-04-10 13:51:39,901 - INFO - Checking at 2025-04-10 13:51:39...
2025-04-10 13:51:40,065 - INFO - Check completed: 0 seats remaining
2025-04-10 13:51:40,066 - INFO - Class is still full.
2025-04-10 13:52:40,066 - INFO - Checking at 2025-04-10 13:52:40...
2025-04-10 13:52:40,209 - INFO - Check completed: 0 seats remaining
2025-04-10 13:52:40,209 - INFO - Class is still full.
2025-04-10 13:53:40,210 - INFO - Checking at 2025-04-10 13:53:40...
2025-04-10 13:53:40,354 - INFO - Check completed: 0 seats remaining
2025-04-10 13:53:40,354 - INFO - Class is still full.
2025-04-10 13:54:40,355 - INFO - Checking at 2025-04-10 13:54:40...
2025-04-10 13:54:40,486 - INFO - Check completed: 0 seats remaining
2025-04-10 13:54:40,486 - INFO - Class is still full.
2025-04-10 13:55:40,486 - INFO - Checking at 2025-04-10 13:55:40...
2025-04-10 13:55:40,620 - INFO - Check completed: 0 seats remaining
2025-04-10 13:55:40,621 - INFO - Class is still full.
2025-04-10 13:56:40,621 - INFO - Checking at 2025-04-10 13:56:40...
2025-04-10 13:56:40,792 - INFO - Check completed: 0 seats remaining
2025-04-10 13:56:40,792 - INFO - Class is still full.
2025-04-10 13:57:40,792 - INFO - Checking at 2025-04-10 13:57:40...
2025-04-10 13:57:40,945 - INFO - Check completed: 0 seats remaining
2025-04-10 13:57:40,945 - INFO - Class is still full.
2025-04-10 13:58:40,946 - INFO - Checking at 2025-04-10 13:58:40...
2025-04-10 13:58:41,084 - INFO - Check completed: 0 seats remaining
2025-04-10 13:58:41,084 - INFO - Class is still full.
2025-04-10 14:59:22,339 - INFO - Checking at 2025-04-10 14:59:22...
2025-04-10 14:59:22,470 - INFO - Check completed: 0 seats remaining
2025-04-10 14:59:22,470 - INFO - Class is still full.
2025-04-10 15:00:22,470 - INFO - Checking at 2025-04-10 15:00:22...
2025-04-10 15:00:22,606 - INFO - Check completed: 0 seats remaining
2025-04-10 15:00:22,606 - INFO - Class is still full.
2025-04-10 15:01:22,606 - INFO - Checking at 2025-04-10 15:01:22...
2025-04-10 15:01:22,757 - INFO - Check completed: 0 seats remaining
2025-04-10 15:01:22,757 - INFO - Class is still full.
2025-04-10 15:02:22,758 - INFO - Checking at 2025-04-10 15:02:22...
2025-04-10 15:02:22,904 - INFO - Check completed: 0 seats remaining
2025-04-10 15:02:22,904 - INFO - Class is still full.
2025-04-10 15:03:22,904 - INFO - Checking at 2025-04-10 15:03:22...
2025-04-10 15:03:23,035 - INFO - Check completed: 0 seats remaining
2025-04-10 15:03:23,035 - INFO - Class is still full.
2025-04-10 15:04:23,035 - INFO - Checking at 2025-04-10 15:04:23...
2025-04-10 15:04:23,168 - INFO - Check completed: 0 seats remaining
2025-04-10 15:04:23,168 - INFO - Class is still full.
2025-04-10 15:05:23,169 - INFO - Checking at 2025-04-10 15:05:23...
2025-04-10 15:05:23,316 - INFO - Check completed: 0 seats remaining
2025-04-10 15:05:23,317 - INFO - Class is still full.
2025-04-10 15:06:23,317 - INFO - Checking at 2025-04-10 15:06:23...
2025-04-10 15:06:23,484 - INFO - Check completed: 0 seats remaining
2025-04-10 15:06:23,485 - INFO - Class is still full.
2025-04-10 15:07:23,485 - INFO - Checking at 2025-04-10 15:07:23...
2025-04-10 15:07:23,640 - INFO - Check completed: 0 seats remaining
2025-04-10 15:07:23,640 - INFO - Class is still full.
2025-04-10 15:08:23,640 - INFO - Checking at 2025-04-10 15:08:23...
2025-04-10 15:08:23,778 - INFO - Check completed: 0 seats remaining
2025-04-10 15:08:23,778 - INFO - Class is still full.
2025-04-10 15:09:23,779 - INFO - Checking at 2025-04-10 15:09:23...
2025-04-10 15:09:23,929 - INFO - Check completed: 0 seats remaining
2025-04-10 15:09:23,929 - INFO - Class is still full.
2025-04-10 15:10:23,929 - INFO - Checking at 2025-04-10 15:10:23...
2025-04-10 15:10:24,058 - INFO - Check completed: 0 seats remaining
2025-04-10 15:10:24,059 - INFO - Class is still full.
2025-04-10 15:11:24,059 - INFO - Checking at 2025-04-10 15:11:24...
2025-04-10 15:11:24,194 - INFO - Check completed: 0 seats remaining
2025-04-10 15:11:24,195 - INFO - Class is still full.
2025-04-10 15:12:24,195 - INFO - Checking at 2025-04-10 15:12:24...
2025-04-10 15:12:24,328 - INFO - Check completed: 0 seats remaining
2025-04-10 15:12:24,328 - INFO - Class is still full.
2025-04-10 15:13:24,328 - INFO - Checking at 2025-04-10 15:13:24...
2025-04-10 15:13:24,468 - INFO - Check completed: 0 seats remaining
2025-04-10 15:13:24,469 - INFO - Class is still full.
2025-04-10 15:14:24,469 - INFO - Checking at 2025-04-10 15:14:24...
2025-04-10 15:14:24,615 - INFO - Check completed: 0 seats remaining
2025-04-10 15:14:24,615 - INFO - Class is still full.
2025-04-10 15:15:24,616 - INFO - Checking at 2025-04-10 15:15:24...
2025-04-10 15:15:24,756 - INFO - Check completed: 0 seats remaining
2025-04-10 15:15:24,757 - INFO - Class is still full.
2025-04-10 15:16:24,757 - INFO - Checking at 2025-04-10 15:16:24...
2025-04-10 15:16:24,895 - INFO - Check completed: 0 seats remaining
2025-04-10 15:16:24,895 - INFO - Class is still full.
2025-04-10 15:17:24,896 - INFO - Checking at 2025-04-10 15:17:24...
2025-04-10 15:17:25,027 - INFO - Check completed: 0 seats remaining
2025-04-10 15:17:25,027 - INFO - Class is still full.
2025-04-10 15:18:25,028 - INFO - Checking at 2025-04-10 15:18:25...
2025-04-10 15:18:25,162 - INFO - Check completed: 0 seats remaining
2025-04-10 15:18:25,162 - INFO - Class is still full.
2025-04-10 15:19:25,162 - INFO - Checking at 2025-04-10 15:19:25...
2025-04-10 15:19:25,302 - INFO - Check completed: 0 seats remaining
2025-04-10 15:19:25,303 - INFO - Class is still full.
2025-04-10 15:20:25,303 - INFO - Checking at 2025-04-10 15:20:25...
2025-04-10 15:20:25,476 - INFO - Check completed: 0 seats remaining
2025-04-10 15:20:25,476 - INFO - Class is still full.
2025-04-10 15:21:25,477 - INFO - Checking at 2025-04-10 15:21:25...
2025-04-10 15:21:25,614 - INFO - Check completed: 0 seats remaining
2025-04-10 15:21:25,615 - INFO - Class is still full.
2025-04-10 15:22:25,615 - INFO - Checking at 2025-04-10 15:22:25...
2025-04-10 15:22:25,766 - INFO - Check completed: 0 seats remaining
2025-04-10 15:22:25,766 - INFO - Class is still full.
2025-04-10 15:23:25,767 - INFO - Checking at 2025-04-10 15:23:25...
2025-04-10 15:23:25,904 - INFO - Check completed: 0 seats remaining
2025-04-10 15:23:25,904 - INFO - Class is still full.
2025-04-10 15:24:25,905 - INFO - Checking at 2025-04-10 15:24:25...
2025-04-10 15:24:26,045 - INFO - Check completed: 0 seats remaining
2025-04-10 15:24:26,046 - INFO - Class is still full.
2025-04-10 15:25:26,046 - INFO - Checking at 2025-04-10 15:25:26...
2025-04-10 15:25:26,180 - INFO - Check completed: 0 seats remaining
2025-04-10 15:25:26,180 - INFO - Class is still full.
2025-04-10 15:26:26,180 - INFO - Checking at 2025-04-10 15:26:26...
2025-04-10 15:26:26,321 - INFO - Check completed: 0 seats remaining
2025-04-10 15:26:26,321 - INFO - Class is still full.
2025-04-10 15:27:26,322 - INFO - Checking at 2025-04-10 15:27:26...
2025-04-10 15:27:26,474 - INFO - Check completed: 0 seats remaining
2025-04-10 15:27:26,474 - INFO - Class is still full.
2025-04-10 15:28:26,474 - INFO - Checking at 2025-04-10 15:28:26...
2025-04-10 15:28:26,605 - INFO - Check completed: 0 seats remaining
2025-04-10 15:28:26,605 - INFO - Class is still full.
2025-04-10 15:29:26,605 - INFO - Checking at 2025-04-10 15:29:26...
2025-04-10 15:29:26,733 - INFO - Check completed: 0 seats remaining
2025-04-10 15:29:26,733 - INFO - Class is still full.
2025-04-10 15:30:26,734 - INFO - Checking at 2025-04-10 15:30:26...
2025-04-10 15:30:26,903 - INFO - Check completed: 0 seats remaining
2025-04-10 15:30:26,903 - INFO - Class is still full.
2025-04-10 15:31:26,904 - INFO - Checking at 2025-04-10 15:31:26...
2025-04-10 15:31:27,069 - INFO - Check completed: 0 seats remaining
2025-04-10 15:31:27,069 - INFO - Class is still full.
2025-04-10 15:32:27,069 - INFO - Checking at 2025-04-10 15:32:27...
2025-04-10 15:32:27,203 - INFO - Check completed: 0 seats remaining
2025-04-10 15:32:27,203 - INFO - Class is still full.
2025-04-10 15:33:27,203 - INFO - Checking at 2025-04-10 15:33:27...
2025-04-10 15:33:27,342 - INFO - Check completed: 0 seats remaining
2025-04-10 15:33:27,342 - INFO - Class is still full.
2025-04-10 15:34:27,343 - INFO - Checking at 2025-04-10 15:34:27...
2025-04-10 15:34:27,471 - INFO - Check completed: 0 seats remaining
2025-04-10 15:34:27,471 - INFO - Class is still full.
2025-04-10 15:35:27,472 - INFO - Checking at 2025-04-10 15:35:27...
2025-04-10 15:35:27,605 - INFO - Check completed: 0 seats remaining
2025-04-10 15:35:27,606 - INFO - Class is still full.
2025-04-10 15:36:27,606 - INFO - Checking at 2025-04-10 15:36:27...
2025-04-10 15:36:27,744 - INFO - Check completed: 0 seats remaining
2025-04-10 15:36:27,744 - INFO - Class is still full.
2025-04-10 15:37:27,744 - INFO - Checking at 2025-04-10 15:37:27...
2025-04-10 15:37:27,880 - INFO - Check completed: 0 seats remaining
2025-04-10 15:37:27,881 - INFO - Class is still full.
2025-04-10 15:38:27,881 - INFO - Checking at 2025-04-10 15:38:27...
2025-04-10 15:38:28,020 - INFO - Check completed: 0 seats remaining
2025-04-10 15:38:28,020 - INFO - Class is still full.
2025-04-10 15:39:28,020 - INFO - Checking at 2025-04-10 15:39:28...
2025-04-10 15:39:28,153 - INFO - Check completed: 0 seats remaining
2025-04-10 15:39:28,153 - INFO - Class is still full.
2025-04-10 15:40:28,153 - INFO - Checking at 2025-04-10 15:40:28...
2025-04-10 15:40:28,286 - INFO - Check completed: 0 seats remaining
2025-04-10 15:40:28,286 - INFO - Class is still full.
2025-04-10 15:41:28,287 - INFO - Checking at 2025-04-10 15:41:28...
2025-04-10 15:41:28,429 - INFO - Check completed: 0 seats remaining
2025-04-10 15:41:28,429 - INFO - Class is still full.
2025-04-10 15:42:28,429 - INFO - Checking at 2025-04-10 15:42:28...
2025-04-10 15:42:28,563 - INFO - Check completed: 0 seats remaining
2025-04-10 15:42:28,564 - INFO - Class is still full.
2025-04-10 15:43:28,564 - INFO - Checking at 2025-04-10 15:43:28...
2025-04-10 15:43:28,714 - INFO - Check completed: 0 seats remaining
2025-04-10 15:43:28,715 - INFO - Class is still full.
2025-04-10 15:44:28,715 - INFO - Checking at 2025-04-10 15:44:28...
2025-04-10 15:44:28,864 - INFO - Check completed: 0 seats remaining
2025-04-10 15:44:28,864 - INFO - Class is still full.
2025-04-10 15:45:28,864 - INFO - Checking at 2025-04-10 15:45:28...
2025-04-10 15:45:29,032 - INFO - Check completed: 0 seats remaining
2025-04-10 15:45:29,033 - INFO - Class is still full.
2025-04-10 15:46:29,033 - INFO - Checking at 2025-04-10 15:46:29...
2025-04-10 15:46:29,206 - INFO - Check completed: 0 seats remaining
2025-04-10 15:46:29,206 - INFO - Class is still full.
2025-04-10 15:47:29,207 - INFO - Checking at 2025-04-10 15:47:29...
2025-04-10 15:47:30,352 - INFO - Check completed: 0 seats remaining
2025-04-10 15:47:30,352 - INFO - Class is still full.
2025-04-10 15:48:30,352 - INFO - Checking at 2025-04-10 15:48:30...
2025-04-10 15:48:30,491 - INFO - Check completed: 0 seats remaining
2025-04-10 15:48:30,491 - INFO - Class is still full.
2025-04-10 15:49:30,492 - INFO - Checking at 2025-04-10 15:49:30...
2025-04-10 15:49:30,623 - INFO - Check completed: 0 seats remaining
2025-04-10 15:49:30,623 - INFO - Class is still full.
2025-04-10 15:50:30,624 - INFO - Checking at 2025-04-10 15:50:30...
2025-04-10 15:50:30,756 - INFO - Check completed: 0 seats remaining
2025-04-10 15:50:30,756 - INFO - Class is still full.
2025-04-10 15:51:30,757 - INFO - Checking at 2025-04-10 15:51:30...
2025-04-10 15:51:30,934 - INFO - Check completed: 0 seats remaining
2025-04-10 15:51:30,934 - INFO - Class is still full.
2025-04-10 15:52:30,935 - INFO - Checking at 2025-04-10 15:52:30...
2025-04-10 15:52:31,065 - INFO - Check completed: 0 seats remaining
2025-04-10 15:52:31,065 - INFO - Class is still full.
2025-04-10 15:53:31,066 - INFO - Checking at 2025-04-10 15:53:31...
2025-04-10 15:53:31,202 - INFO - Check completed: 0 seats remaining
2025-04-10 15:53:31,202 - INFO - Class is still full.
2025-04-10 15:54:31,202 - INFO - Checking at 2025-04-10 15:54:31...
2025-04-10 15:54:31,342 - INFO - Check completed: 0 seats remaining
2025-04-10 15:54:31,343 - INFO - Class is still full.
2025-04-10 15:55:31,343 - INFO - Checking at 2025-04-10 15:55:31...
2025-04-10 15:55:31,539 - INFO - Check completed: 0 seats remaining
2025-04-10 15:55:31,539 - INFO - Class is still full.
2025-04-10 15:56:31,540 - INFO - Checking at 2025-04-10 15:56:31...
2025-04-10 15:56:31,679 - INFO - Check completed: 0 seats remaining
2025-04-10 15:56:31,679 - INFO - Class is still full.
2025-04-10 15:57:31,680 - INFO - Checking at 2025-04-10 15:57:31...
2025-04-10 15:57:31,855 - INFO - Check completed: 0 seats remaining
2025-04-10 15:57:31,856 - INFO - Class is still full.
2025-04-10 15:58:31,856 - INFO - Checking at 2025-04-10 15:58:31...
2025-04-10 15:58:32,000 - INFO - Check completed: 0 seats remaining
2025-04-10 15:58:32,001 - INFO - Class is still full.
2025-04-10 15:59:32,001 - INFO - Checking at 2025-04-10 15:59:32...
2025-04-10 15:59:32,135 - INFO - Check completed: 0 seats remaining
2025-04-10 15:59:32,136 - INFO - Class is still full.
2025-04-10 16:00:32,136 - INFO - Checking at 2025-04-10 16:00:32...
2025-04-10 16:00:32,279 - INFO - Check completed: 0 seats remaining
2025-04-10 16:00:32,279 - INFO - Class is still full.
2025-04-10 16:01:32,280 - INFO - Checking at 2025-04-10 16:01:32...
2025-04-10 16:01:32,415 - INFO - Check completed: 0 seats remaining
2025-04-10 16:01:32,415 - INFO - Class is still full.
2025-04-10 16:02:32,415 - INFO - Checking at 2025-04-10 16:02:32...
2025-04-10 16:02:32,558 - INFO - Check completed: 0 seats remaining
2025-04-10 16:02:32,558 - INFO - Class is still full.
2025-04-10 16:03:32,558 - INFO - Checking at 2025-04-10 16:03:32...
2025-04-10 16:03:32,720 - INFO - Check completed: 0 seats remaining
2025-04-10 16:03:32,721 - INFO - Class is still full.
2025-04-10 16:04:32,721 - INFO - Checking at 2025-04-10 16:04:32...
2025-04-10 16:04:32,855 - INFO - Check completed: 1 seats remaining
2025-04-10 16:04:33,791 - INFO - Email notification sent successfully! 1 seats available.
2025-04-10 16:04:33,791 - INFO - Class is available! Notification sent.
2025-04-10 16:05:33,791 - INFO - Checking at 2025-04-10 16:05:33...
2025-04-10 16:05:33,990 - INFO - Check completed: 1 seats remaining
2025-04-10 16:05:35,532 - INFO - Email notification sent successfully! 1 seats available.
2025-04-10 16:05:35,532 - INFO - Class is still available. Notification already sent.
2025-04-10 16:06:35,533 - INFO - Checking at 2025-04-10 16:06:35...
2025-04-10 16:06:35,666 - INFO - Check completed: 1 seats remaining
2025-04-10 16:06:36,455 - INFO - Email notification sent successfully! 1 seats available.
2025-04-10 16:06:36,455 - INFO - Class is still available. Notification already sent.
2025-04-10 16:07:36,455 - INFO - Checking at 2025-04-10 16:07:36...
2025-04-10 16:07:36,587 - INFO - Check completed: 1 seats remaining
2025-04-10 16:07:37,490 - INFO - Email notification sent successfully! 1 seats available.
2025-04-10 16:07:37,490 - INFO - Class is still available. Notification already sent.
2025-04-10 16:08:37,491 - INFO - Checking at 2025-04-10 16:08:37...
2025-04-10 16:08:37,624 - INFO - Check completed: 1 seats remaining
2025-04-10 16:08:38,674 - INFO - Email notification sent successfully! 1 seats available.
2025-04-10 16:08:38,675 - INFO - Class is still available. Notification already sent.
2025-04-10 16:09:38,675 - INFO - Checking at 2025-04-10 16:09:38...
2025-04-10 16:09:38,814 - INFO - Check completed: 1 seats remaining
2025-04-10 16:09:39,602 - INFO - Email notification sent successfully! 1 seats available.
2025-04-10 16:09:39,603 - INFO - Class is still available. Notification already sent.
2025-04-10 16:10:39,603 - INFO - Checking at 2025-04-10 16:10:39...
2025-04-10 16:10:39,775 - INFO - Check completed: 1 seats remaining
2025-04-10 16:10:40,470 - INFO - Email notification sent successfully! 1 seats available.
2025-04-10 16:10:40,470 - INFO - Class is still available. Notification already sent.
2025-04-10 16:11:40,470 - INFO - Checking at 2025-04-10 16:11:40...
2025-04-10 16:11:40,601 - INFO - Check completed: 0 seats remaining
2025-04-10 16:11:40,601 - INFO - Class is still full.
2025-04-10 16:12:40,602 - INFO - Checking at 2025-04-10 16:12:40...
2025-04-10 16:12:40,733 - INFO - Check completed: 0 seats remaining
2025-04-10 16:12:40,734 - INFO - Class is still full.
2025-04-10 16:13:40,734 - INFO - Checking at 2025-04-10 16:13:40...
2025-04-10 16:13:40,877 - INFO - Check completed: 0 seats remaining
2025-04-10 16:13:40,878 - INFO - Class is still full.
2025-04-10 16:14:40,878 - INFO - Checking at 2025-04-10 16:14:40...
2025-04-10 16:14:41,018 - INFO - Check completed: 0 seats remaining
2025-04-10 16:14:41,018 - INFO - Class is still full.
2025-04-10 16:15:41,019 - INFO - Checking at 2025-04-10 16:15:41...
2025-04-10 16:15:41,162 - INFO - Check completed: 0 seats remaining
2025-04-10 16:15:41,162 - INFO - Class is still full.
2025-04-10 16:16:41,162 - INFO - Checking at 2025-04-10 16:16:41...
2025-04-10 16:16:41,325 - INFO - Check completed: 0 seats remaining
2025-04-10 16:16:41,326 - INFO - Class is still full.
2025-04-10 16:17:41,326 - INFO - Checking at 2025-04-10 16:17:41...
2025-04-10 16:17:41,503 - INFO - Check completed: 0 seats remaining
2025-04-10 16:17:41,503 - INFO - Class is still full.
2025-04-10 16:18:41,503 - INFO - Checking at 2025-04-10 16:18:41...
2025-04-10 16:18:41,699 - INFO - Check completed: 0 seats remaining
2025-04-10 16:18:41,700 - INFO - Class is still full.
2025-04-10 16:19:41,700 - INFO - Checking at 2025-04-10 16:19:41...
2025-04-10 16:19:41,831 - INFO - Check completed: 0 seats remaining
2025-04-10 16:19:41,831 - INFO - Class is still full.
2025-04-10 16:20:41,831 - INFO - Checking at 2025-04-10 16:20:41...
2025-04-10 16:20:41,985 - INFO - Check completed: 0 seats remaining
2025-04-10 16:20:41,986 - INFO - Class is still full.
2025-04-10 16:21:41,986 - INFO - Checking at 2025-04-10 16:21:41...
2025-04-10 16:21:42,121 - INFO - Check completed: 0 seats remaining
2025-04-10 16:21:42,122 - INFO - Class is still full.
2025-04-10 16:22:42,122 - INFO - Checking at 2025-04-10 16:22:42...
2025-04-10 16:22:42,309 - INFO - Check completed: 0 seats remaining
2025-04-10 16:22:42,309 - INFO - Class is still full.
2025-04-10 16:23:42,309 - INFO - Checking at 2025-04-10 16:23:42...
2025-04-10 16:23:42,481 - INFO - Check completed: 0 seats remaining
2025-04-10 16:23:42,482 - INFO - Class is still full.
2025-04-10 16:24:42,482 - INFO - Checking at 2025-04-10 16:24:42...
2025-04-10 16:24:42,619 - INFO - Check completed: 0 seats remaining
2025-04-10 16:24:42,619 - INFO - Class is still full.
2025-04-10 16:25:42,619 - INFO - Checking at 2025-04-10 16:25:42...
2025-04-10 16:25:42,808 - INFO - Check completed: 0 seats remaining
2025-04-10 16:25:42,808 - INFO - Class is still full.
2025-04-10 16:26:42,808 - INFO - Checking at 2025-04-10 16:26:42...
2025-04-10 16:26:42,946 - INFO - Check completed: 0 seats remaining
2025-04-10 16:26:42,946 - INFO - Class is still full.
2025-04-10 16:27:42,947 - INFO - Checking at 2025-04-10 16:27:42...
2025-04-10 16:27:43,105 - INFO - Check completed: 0 seats remaining
2025-04-10 16:27:43,105 - INFO - Class is still full.
2025-04-10 16:28:43,106 - INFO - Checking at 2025-04-10 16:28:43...
2025-04-10 16:28:43,238 - INFO - Check completed: 0 seats remaining
2025-04-10 16:28:43,238 - INFO - Class is still full.
2025-04-10 16:29:43,239 - INFO - Checking at 2025-04-10 16:29:43...
2025-04-10 16:29:43,390 - INFO - Check completed: 0 seats remaining
2025-04-10 16:29:43,390 - INFO - Class is still full.
2025-04-10 16:30:43,391 - INFO - Checking at 2025-04-10 16:30:43...
2025-04-10 16:30:43,546 - INFO - Check completed: 0 seats remaining
2025-04-10 16:30:43,547 - INFO - Class is still full.
2025-04-10 16:31:43,547 - INFO - Checking at 2025-04-10 16:31:43...
2025-04-10 16:31:43,698 - INFO - Check completed: 0 seats remaining
2025-04-10 16:31:43,698 - INFO - Class is still full.
2025-04-10 16:32:43,699 - INFO - Checking at 2025-04-10 16:32:43...
2025-04-10 16:32:43,835 - INFO - Check completed: 0 seats remaining
2025-04-10 16:32:43,835 - INFO - Class is still full.
2025-04-10 16:33:43,836 - INFO - Checking at 2025-04-10 16:33:43...
2025-04-10 16:33:43,980 - INFO - Check completed: 0 seats remaining
2025-04-10 16:33:43,980 - INFO - Class is still full.
2025-04-10 16:34:43,981 - INFO - Checking at 2025-04-10 16:34:43...
2025-04-10 16:34:44,113 - INFO - Check completed: 0 seats remaining
2025-04-10 16:34:44,114 - INFO - Class is still full.
2025-04-10 16:56:34,788 - INFO - Checking at 2025-04-10 16:56:34...
2025-04-10 16:56:34,917 - INFO - Check completed: 0 seats remaining
2025-04-10 16:56:34,917 - INFO - Class is still full.
2025-04-10 16:57:34,918 - INFO - Checking at 2025-04-10 16:57:34...
2025-04-10 16:57:35,072 - INFO - Check completed: 0 seats remaining
2025-04-10 16:57:35,072 - INFO - Class is still full.
2025-04-10 16:58:35,072 - INFO - Checking at 2025-04-10 16:58:35...
2025-04-10 16:58:35,211 - INFO - Check completed: 0 seats remaining
2025-04-10 16:58:35,211 - INFO - Class is still full.
2025-04-10 16:59:35,212 - INFO - Checking at 2025-04-10 16:59:35...
2025-04-10 16:59:35,383 - INFO - Check completed: 0 seats remaining
2025-04-10 16:59:35,384 - INFO - Class is still full.
2025-04-10 17:00:35,384 - INFO - Checking at 2025-04-10 17:00:35...
2025-04-10 17:00:35,553 - INFO - Check completed: 0 seats remaining
2025-04-10 17:00:35,553 - INFO - Class is still full.
2025-04-10 17:01:35,553 - INFO - Checking at 2025-04-10 17:01:35...
2025-04-10 17:01:35,732 - INFO - Check completed: 0 seats remaining
2025-04-10 17:01:35,733 - INFO - Class is still full.
2025-04-10 17:02:35,733 - INFO - Checking at 2025-04-10 17:02:35...
2025-04-10 17:02:35,906 - INFO - Check completed: 0 seats remaining
2025-04-10 17:02:35,906 - INFO - Class is still full.
2025-04-10 17:03:35,906 - INFO - Checking at 2025-04-10 17:03:35...
2025-04-10 17:03:36,080 - INFO - Check completed: 0 seats remaining
2025-04-10 17:03:36,080 - INFO - Class is still full.
2025-04-10 17:04:36,080 - INFO - Checking at 2025-04-10 17:04:36...
2025-04-10 17:04:36,268 - INFO - Check completed: 0 seats remaining
2025-04-10 17:04:36,268 - INFO - Class is still full.
2025-04-10 17:05:36,269 - INFO - Checking at 2025-04-10 17:05:36...
2025-04-10 17:05:36,464 - INFO - Check completed: 0 seats remaining
2025-04-10 17:05:36,464 - INFO - Class is still full.
2025-04-10 17:06:36,464 - INFO - Checking at 2025-04-10 17:06:36...
2025-04-10 17:06:36,609 - INFO - Check completed: 0 seats remaining
2025-04-10 17:06:36,610 - INFO - Class is still full.
2025-04-10 17:07:36,610 - INFO - Checking at 2025-04-10 17:07:36...
2025-04-10 17:07:36,785 - INFO - Check completed: 0 seats remaining
2025-04-10 17:07:36,785 - INFO - Class is still full.
2025-04-10 17:08:36,786 - INFO - Checking at 2025-04-10 17:08:36...
2025-04-10 17:08:36,949 - INFO - Check completed: 0 seats remaining
2025-04-10 17:08:36,949 - INFO - Class is still full.
2025-04-10 17:09:36,950 - INFO - Checking at 2025-04-10 17:09:36...
2025-04-10 17:09:37,095 - INFO - Check completed: 0 seats remaining
2025-04-10 17:09:37,096 - INFO - Class is still full.
2025-04-10 17:10:37,096 - INFO - Checking at 2025-04-10 17:10:37...
2025-04-10 17:10:37,262 - INFO - Check completed: 1 seats remaining
2025-04-10 17:10:38,034 - INFO - Email notification sent successfully! 1 seats available.
2025-04-10 17:10:38,034 - INFO - Class is available! Notification sent.
2025-04-10 17:11:38,034 - INFO - Checking at 2025-04-10 17:11:38...
2025-04-10 17:11:38,173 - INFO - Check completed: 0 seats remaining
2025-04-10 17:11:38,174 - INFO - Class is still full.
2025-04-10 17:12:38,174 - INFO - Checking at 2025-04-10 17:12:38...
2025-04-10 17:12:38,321 - INFO - Check completed: 0 seats remaining
2025-04-10 17:12:38,321 - INFO - Class is still full.
2025-04-10 17:13:38,321 - INFO - Checking at 2025-04-10 17:13:38...
2025-04-10 17:13:38,484 - INFO - Check completed: 0 seats remaining
2025-04-10 17:13:38,484 - INFO - Class is still full.
2025-04-10 17:14:38,484 - INFO - Checking at 2025-04-10 17:14:38...
2025-04-10 17:14:38,633 - INFO - Check completed: 0 seats remaining
2025-04-10 17:14:38,634 - INFO - Class is still full.
2025-04-10 17:15:22,379 - INFO - Monitoring stopped by user.
2025-04-10 17:16:27,613 - INFO - Starting Northeastern class availability monitor...
2025-04-10 17:16:27,614 - INFO - Monitoring URL: https://bnrordsp.neu.edu/ssb-prod/bwckschd.p_disp_listcrse?term_in=202610&subj_in=MATH&crse_in=2341&crn_in=10359
2025-04-10 17:16:27,614 - INFO - Check interval: 15 seconds
2025-04-10 17:16:27,614 - INFO - Checking at 2025-04-10 17:16:27...
2025-04-10 17:16:27,797 - INFO - Check completed: 0 seats remaining
2025-04-10 17:16:27,797 - INFO - Class is still full.
2025-04-10 17:16:42,797 - INFO - Checking at 2025-04-10 17:16:42...
2025-04-10 17:16:42,969 - INFO - Check completed: 0 seats remaining
2025-04-10 17:16:42,969 - INFO - Class is still full.
2025-04-10 17:16:57,970 - INFO - Checking at 2025-04-10 17:16:57...
2025-04-10 17:16:58,112 - INFO - Check completed: 0 seats remaining
2025-04-10 17:16:58,112 - INFO - Class is still full.
2025-04-10 17:17:13,112 - INFO - Checking at 2025-04-10 17:17:13...
2025-04-10 17:17:13,283 - INFO - Check completed: 0 seats remaining
2025-04-10 17:17:13,283 - INFO - Class is still full.
2025-04-10 17:17:28,284 - INFO - Checking at 2025-04-10 17:17:28...
2025-04-10 17:17:28,432 - INFO - Check completed: 0 seats remaining
2025-04-10 17:17:28,432 - INFO - Class is still full.
2025-04-10 17:17:43,432 - INFO - Checking at 2025-04-10 17:17:43...
2025-04-10 17:17:43,625 - INFO - Check completed: 0 seats remaining
2025-04-10 17:17:43,626 - INFO - Class is still full.
2025-04-10 17:17:58,626 - INFO - Checking at 2025-04-10 17:17:58...
2025-04-10 17:17:58,772 - INFO - Check completed: 0 seats remaining
2025-04-10 17:17:58,772 - INFO - Class is still full.
2025-04-10 17:18:13,773 - INFO - Checking at 2025-04-10 17:18:13...
2025-04-10 17:18:13,948 - INFO - Check completed: 0 seats remaining
2025-04-10 17:18:13,948 - INFO - Class is still full.
2025-04-10 17:18:28,949 - INFO - Checking at 2025-04-10 17:18:28...
2025-04-10 17:18:29,087 - INFO - Check completed: 0 seats remaining
2025-04-10 17:18:29,087 - INFO - Class is still full.
2025-04-10 17:18:44,087 - INFO - Checking at 2025-04-10 17:18:44...
2025-04-10 17:18:44,231 - INFO - Check completed: 0 seats remaining
2025-04-10 17:18:44,231 - INFO - Class is still full.
2025-04-10 17:18:59,231 - INFO - Checking at 2025-04-10 17:18:59...
2025-04-10 17:18:59,368 - INFO - Check completed: 0 seats remaining
2025-04-10 17:18:59,368 - INFO - Class is still full.
2025-04-10 17:19:14,369 - INFO - Checking at 2025-04-10 17:19:14...
2025-04-10 17:19:14,511 - INFO - Check completed: 0 seats remaining
2025-04-10 17:19:14,511 - INFO - Class is still full.
2025-04-10 17:19:29,512 - INFO - Checking at 2025-04-10 17:19:29...
2025-04-10 17:19:29,680 - INFO - Check completed: 0 seats remaining
2025-04-10 17:19:29,681 - INFO - Class is still full.
2025-04-10 17:19:44,681 - INFO - Checking at 2025-04-10 17:19:44...
2025-04-10 17:19:44,812 - INFO - Check completed: 0 seats remaining
2025-04-10 17:19:44,813 - INFO - Class is still full.
2025-04-10 17:19:59,813 - INFO - Checking at 2025-04-10 17:19:59...
2025-04-10 17:19:59,987 - INFO - Check completed: 0 seats remaining
2025-04-10 17:19:59,987 - INFO - Class is still full.
2025-04-10 17:20:14,988 - INFO - Checking at 2025-04-10 17:20:14...
2025-04-10 17:20:15,148 - INFO - Check completed: 0 seats remaining
2025-04-10 17:20:15,148 - INFO - Class is still full.
2025-04-10 17:20:30,149 - INFO - Checking at 2025-04-10 17:20:30...
2025-04-10 17:20:30,284 - INFO - Check completed: 0 seats remaining
2025-04-10 17:20:30,284 - INFO - Class is still full.
2025-04-10 17:20:45,285 - INFO - Checking at 2025-04-10 17:20:45...
2025-04-10 17:20:45,453 - INFO - Check completed: 0 seats remaining
2025-04-10 17:20:45,454 - INFO - Class is still full.
2025-04-10 17:21:00,454 - INFO - Checking at 2025-04-10 17:21:00...
2025-04-10 17:21:00,588 - INFO - Check completed: 0 seats remaining
2025-04-10 17:21:00,588 - INFO - Class is still full.
2025-04-10 17:21:15,589 - INFO - Checking at 2025-04-10 17:21:15...
2025-04-10 17:21:15,724 - INFO - Check completed: 0 seats remaining
2025-04-10 17:21:15,724 - INFO - Class is still full.
2025-04-10 17:21:30,724 - INFO - Checking at 2025-04-10 17:21:30...
2025-04-10 17:21:30,877 - INFO - Check completed: 0 seats remaining
2025-04-10 17:21:30,877 - INFO - Class is still full.
2025-04-10 17:21:45,877 - INFO - Checking at 2025-04-10 17:21:45...
2025-04-10 17:21:46,014 - INFO - Check completed: 0 seats remaining
2025-04-10 17:21:46,015 - INFO - Class is still full.
2025-04-10 17:22:01,015 - INFO - Checking at 2025-04-10 17:22:01...
2025-04-10 17:22:01,149 - INFO - Check completed: 0 seats remaining
2025-04-10 17:22:01,149 - INFO - Class is still full.
2025-04-10 17:22:16,149 - INFO - Checking at 2025-04-10 17:22:16...
2025-04-10 17:22:16,284 - INFO - Check completed: 0 seats remaining
2025-04-10 17:22:16,284 - INFO - Class is still full.
2025-04-10 17:22:31,284 - INFO - Checking at 2025-04-10 17:22:31...
2025-04-10 17:22:31,418 - INFO - Check completed: 0 seats remaining
2025-04-10 17:22:31,419 - INFO - Class is still full.
2025-04-10 17:22:46,419 - INFO - Checking at 2025-04-10 17:22:46...
2025-04-10 17:22:46,576 - INFO - Check completed: 0 seats remaining
2025-04-10 17:22:46,576 - INFO - Class is still full.
2025-04-10 17:23:01,576 - INFO - Checking at 2025-04-10 17:23:01...
2025-04-10 17:23:01,708 - INFO - Check completed: 0 seats remaining
2025-04-10 17:23:01,708 - INFO - Class is still full.
2025-04-10 17:23:16,708 - INFO - Checking at 2025-04-10 17:23:16...
2025-04-10 17:23:16,847 - INFO - Check completed: 0 seats remaining
2025-04-10 17:23:16,847 - INFO - Class is still full.
2025-04-10 17:23:31,847 - INFO - Checking at 2025-04-10 17:23:31...
2025-04-10 17:23:31,986 - INFO - Check completed: 0 seats remaining
2025-04-10 17:23:31,986 - INFO - Class is still full.
2025-04-10 17:23:46,987 - INFO - Checking at 2025-04-10 17:23:46...
2025-04-10 17:23:47,148 - INFO - Check completed: 0 seats remaining
2025-04-10 17:23:47,149 - INFO - Class is still full.
2025-04-10 17:24:02,149 - INFO - Checking at 2025-04-10 17:24:02...
2025-04-10 17:24:02,339 - INFO - Check completed: 0 seats remaining
2025-04-10 17:24:02,340 - INFO - Class is still full.
2025-04-10 17:24:17,340 - INFO - Checking at 2025-04-10 17:24:17...
2025-04-10 17:24:17,482 - INFO - Check completed: 0 seats remaining
2025-04-10 17:24:17,482 - INFO - Class is still full.
2025-04-10 17:24:32,482 - INFO - Checking at 2025-04-10 17:24:32...
2025-04-10 17:24:32,659 - INFO - Check completed: 0 seats remaining
2025-04-10 17:24:32,659 - INFO - Class is still full.
2025-04-10 17:24:47,660 - INFO - Checking at 2025-04-10 17:24:47...
2025-04-10 17:24:47,791 - INFO - Check completed: 0 seats remaining
2025-04-10 17:24:47,791 - INFO - Class is still full.
2025-04-10 17:25:02,791 - INFO - Checking at 2025-04-10 17:25:02...
2025-04-10 17:25:02,962 - INFO - Check completed: 0 seats remaining
2025-04-10 17:25:02,962 - INFO - Class is still full.
2025-04-10 17:25:17,962 - INFO - Checking at 2025-04-10 17:25:17...
2025-04-10 17:25:18,116 - INFO - Check completed: 0 seats remaining
2025-04-10 17:25:18,117 - INFO - Class is still full.
2025-04-10 17:25:33,117 - INFO - Checking at 2025-04-10 17:25:33...
2025-04-10 17:25:33,287 - INFO - Check completed: 0 seats remaining
2025-04-10 17:25:33,287 - INFO - Class is still full.
2025-04-10 17:25:48,288 - INFO - Checking at 2025-04-10 17:25:48...
2025-04-10 17:25:48,484 - INFO - Check completed: 0 seats remaining
2025-04-10 17:25:48,485 - INFO - Class is still full.
2025-04-10 17:26:03,485 - INFO - Checking at 2025-04-10 17:26:03...
2025-04-10 17:26:03,619 - INFO - Check completed: 0 seats remaining
2025-04-10 17:26:03,619 - INFO - Class is still full.
2025-04-10 17:26:18,619 - INFO - Checking at 2025-04-10 17:26:18...
2025-04-10 17:26:18,757 - INFO - Check completed: 0 seats remaining
2025-04-10 17:26:18,757 - INFO - Class is still full.
2025-04-10 17:26:33,758 - INFO - Checking at 2025-04-10 17:26:33...
2025-04-10 17:26:33,893 - INFO - Check completed: 0 seats remaining
2025-04-10 17:26:33,893 - INFO - Class is still full.
2025-04-10 17:26:48,894 - INFO - Checking at 2025-04-10 17:26:48...
2025-04-10 17:26:49,031 - INFO - Check completed: 0 seats remaining
2025-04-10 17:26:49,031 - INFO - Class is still full.
2025-04-10 17:27:04,032 - INFO - Checking at 2025-04-10 17:27:04...
2025-04-10 17:27:04,168 - INFO - Check completed: 0 seats remaining
2025-04-10 17:27:04,168 - INFO - Class is still full.
2025-04-10 17:27:19,168 - INFO - Checking at 2025-04-10 17:27:19...
2025-04-10 17:27:19,308 - INFO - Check completed: 0 seats remaining
2025-04-10 17:27:19,309 - INFO - Class is still full.
2025-04-10 17:27:34,309 - INFO - Checking at 2025-04-10 17:27:34...
2025-04-10 17:27:35,441 - INFO - Check completed: 0 seats remaining
2025-04-10 17:27:35,441 - INFO - Class is still full.
2025-04-10 17:27:50,441 - INFO - Checking at 2025-04-10 17:27:50...
2025-04-10 17:27:50,581 - INFO - Check completed: 0 seats remaining
2025-04-10 17:27:50,581 - INFO - Class is still full.
2025-04-10 17:28:05,581 - INFO - Checking at 2025-04-10 17:28:05...
2025-04-10 17:28:05,751 - INFO - Check completed: 0 seats remaining
2025-04-10 17:28:05,752 - INFO - Class is still full.
2025-04-10 17:28:20,752 - INFO - Checking at 2025-04-10 17:28:20...
2025-04-10 17:28:20,888 - INFO - Check completed: 0 seats remaining
2025-04-10 17:28:20,888 - INFO - Class is still full.
2025-04-10 17:28:35,888 - INFO - Checking at 2025-04-10 17:28:35...
2025-04-10 17:28:36,022 - INFO - Check completed: 0 seats remaining
2025-04-10 17:28:36,022 - INFO - Class is still full.
2025-04-10 17:28:51,023 - INFO - Checking at 2025-04-10 17:28:51...
2025-04-10 17:28:51,153 - INFO - Check completed: 0 seats remaining
2025-04-10 17:28:51,153 - INFO - Class is still full.
2025-04-10 17:29:06,153 - INFO - Checking at 2025-04-10 17:29:06...
2025-04-10 17:29:06,312 - INFO - Check completed: 0 seats remaining
2025-04-10 17:29:06,313 - INFO - Class is still full.
2025-04-10 17:29:21,313 - INFO - Checking at 2025-04-10 17:29:21...
2025-04-10 17:29:21,460 - INFO - Check completed: 0 seats remaining
2025-04-10 17:29:21,460 - INFO - Class is still full.
2025-04-10 17:29:36,460 - INFO - Checking at 2025-04-10 17:29:36...
2025-04-10 17:29:36,598 - INFO - Check completed: 0 seats remaining
2025-04-10 17:29:36,599 - INFO - Class is still full.
2025-04-10 17:29:51,599 - INFO - Checking at 2025-04-10 17:29:51...
2025-04-10 17:29:51,742 - INFO - Check completed: 0 seats remaining
2025-04-10 17:29:51,742 - INFO - Class is still full.
2025-04-10 17:30:06,742 - INFO - Checking at 2025-04-10 17:30:06...
2025-04-10 17:30:06,874 - INFO - Check completed: 0 seats remaining
2025-04-10 17:30:06,874 - INFO - Class is still full.
2025-04-10 17:30:21,875 - INFO - Checking at 2025-04-10 17:30:21...
2025-04-10 17:30:22,015 - INFO - Check completed: 0 seats remaining
2025-04-10 17:30:22,016 - INFO - Class is still full.
2025-04-10 17:30:37,016 - INFO - Checking at 2025-04-10 17:30:37...
2025-04-10 17:30:37,149 - INFO - Check completed: 0 seats remaining
2025-04-10 17:30:37,149 - INFO - Class is still full.
2025-04-10 17:30:52,150 - INFO - Checking at 2025-04-10 17:30:52...
2025-04-10 17:30:52,291 - INFO - Check completed: 0 seats remaining
2025-04-10 17:30:52,292 - INFO - Class is still full.
2025-04-10 17:31:07,292 - INFO - Checking at 2025-04-10 17:31:07...
2025-04-10 17:31:07,438 - INFO - Check completed: 0 seats remaining
2025-04-10 17:31:07,438 - INFO - Class is still full.
2025-04-10 17:31:22,439 - INFO - Checking at 2025-04-10 17:31:22...
2025-04-10 17:31:22,571 - INFO - Check completed: 0 seats remaining
2025-04-10 17:31:22,571 - INFO - Class is still full.
2025-04-10 17:31:37,571 - INFO - Checking at 2025-04-10 17:31:37...
2025-04-10 17:31:37,709 - INFO - Check completed: 0 seats remaining
2025-04-10 17:31:37,710 - INFO - Class is still full.
2025-04-10 17:31:52,710 - INFO - Checking at 2025-04-10 17:31:52...
2025-04-10 17:31:52,842 - INFO - Check completed: 0 seats remaining
2025-04-10 17:31:52,842 - INFO - Class is still full.
2025-04-10 17:32:07,843 - INFO - Checking at 2025-04-10 17:32:07...
2025-04-10 17:32:08,003 - INFO - Check completed: 0 seats remaining
2025-04-10 17:32:08,003 - INFO - Class is still full.
2025-04-10 17:32:23,003 - INFO - Checking at 2025-04-10 17:32:23...
2025-04-10 17:32:23,150 - INFO - Check completed: 0 seats remaining
2025-04-10 17:32:23,150 - INFO - Class is still full.
2025-04-10 17:32:38,151 - INFO - Checking at 2025-04-10 17:32:38...
2025-04-10 17:32:38,279 - INFO - Check completed: 0 seats remaining
2025-04-10 17:32:38,279 - INFO - Class is still full.
2025-04-10 17:32:53,279 - INFO - Checking at 2025-04-10 17:32:53...
2025-04-10 17:32:53,435 - INFO - Check completed: 0 seats remaining
2025-04-10 17:32:53,435 - INFO - Class is still full.
2025-04-10 17:33:08,436 - INFO - Checking at 2025-04-10 17:33:08...
2025-04-10 17:33:08,570 - INFO - Check completed: 0 seats remaining
2025-04-10 17:33:08,570 - INFO - Class is still full.
2025-04-10 17:33:23,570 - INFO - Checking at 2025-04-10 17:33:23...
2025-04-10 17:33:23,712 - INFO - Check completed: 0 seats remaining
2025-04-10 17:33:23,713 - INFO - Class is still full.
2025-04-10 17:33:38,713 - INFO - Checking at 2025-04-10 17:33:38...
2025-04-10 17:33:38,874 - INFO - Check completed: 0 seats remaining
2025-04-10 17:33:38,874 - INFO - Class is still full.
2025-04-10 17:33:53,874 - INFO - Checking at 2025-04-10 17:33:53...
2025-04-10 17:33:54,017 - INFO - Check completed: 0 seats remaining
2025-04-10 17:33:54,017 - INFO - Class is still full.
2025-04-10 17:34:09,017 - INFO - Checking at 2025-04-10 17:34:09...
2025-04-10 17:34:09,149 - INFO - Check completed: 0 seats remaining
2025-04-10 17:34:09,149 - INFO - Class is still full.
2025-04-10 17:34:24,150 - INFO - Checking at 2025-04-10 17:34:24...
2025-04-10 17:34:24,283 - INFO - Check completed: 0 seats remaining
2025-04-10 17:34:24,283 - INFO - Class is still full.
2025-04-10 17:34:39,284 - INFO - Checking at 2025-04-10 17:34:39...
2025-04-10 17:34:39,440 - INFO - Check completed: 0 seats remaining
2025-04-10 17:34:39,440 - INFO - Class is still full.
2025-04-10 17:34:54,441 - INFO - Checking at 2025-04-10 17:34:54...
2025-04-10 17:34:54,577 - INFO - Check completed: 0 seats remaining
2025-04-10 17:34:54,577 - INFO - Class is still full.
2025-04-10 17:35:09,578 - INFO - Checking at 2025-04-10 17:35:09...
2025-04-10 17:35:09,709 - INFO - Check completed: 0 seats remaining
2025-04-10 17:35:09,709 - INFO - Class is still full.
2025-04-10 17:35:24,710 - INFO - Checking at 2025-04-10 17:35:24...
2025-04-10 17:35:24,877 - INFO - Check completed: 0 seats remaining
2025-04-10 17:35:24,877 - INFO - Class is still full.
2025-04-10 17:35:39,878 - INFO - Checking at 2025-04-10 17:35:39...
2025-04-10 17:35:40,007 - INFO - Check completed: 0 seats remaining
2025-04-10 17:35:40,008 - INFO - Class is still full.
2025-04-10 17:35:55,008 - INFO - Checking at 2025-04-10 17:35:55...
2025-04-10 17:35:55,137 - INFO - Check completed: 0 seats remaining
2025-04-10 17:35:55,138 - INFO - Class is still full.
2025-04-10 17:36:10,138 - INFO - Checking at 2025-04-10 17:36:10...
2025-04-10 17:36:10,273 - INFO - Check completed: 0 seats remaining
2025-04-10 17:36:10,273 - INFO - Class is still full.
2025-04-10 17:36:25,274 - INFO - Checking at 2025-04-10 17:36:25...
2025-04-10 17:36:25,438 - INFO - Check completed: 0 seats remaining
2025-04-10 17:36:25,438 - INFO - Class is still full.
2025-04-10 17:36:40,438 - INFO - Checking at 2025-04-10 17:36:40...
2025-04-10 17:36:40,576 - INFO - Check completed: 0 seats remaining
2025-04-10 17:36:40,577 - INFO - Class is still full.
2025-04-10 17:36:55,577 - INFO - Checking at 2025-04-10 17:36:55...
2025-04-10 17:36:55,735 - INFO - Check completed: 0 seats remaining
2025-04-10 17:36:55,735 - INFO - Class is still full.
2025-04-10 17:37:10,736 - INFO - Checking at 2025-04-10 17:37:10...
2025-04-10 17:37:10,898 - INFO - Check completed: 0 seats remaining
2025-04-10 17:37:10,898 - INFO - Class is still full.
2025-04-10 17:37:25,898 - INFO - Checking at 2025-04-10 17:37:25...
2025-04-10 17:37:26,052 - INFO - Check completed: 0 seats remaining
2025-04-10 17:37:26,052 - INFO - Class is still full.
2025-04-10 17:37:41,052 - INFO - Checking at 2025-04-10 17:37:41...
2025-04-10 17:37:41,189 - INFO - Check completed: 0 seats remaining
2025-04-10 17:37:41,189 - INFO - Class is still full.
2025-04-10 17:37:56,190 - INFO - Checking at 2025-04-10 17:37:56...
2025-04-10 17:37:56,323 - INFO - Check completed: 0 seats remaining
2025-04-10 17:37:56,324 - INFO - Class is still full.
2025-04-10 17:38:11,324 - INFO - Checking at 2025-04-10 17:38:11...
2025-04-10 17:38:11,461 - INFO - Check completed: 0 seats remaining
2025-04-10 17:38:11,462 - INFO - Class is still full.
2025-04-10 17:38:26,462 - INFO - Checking at 2025-04-10 17:38:26...
2025-04-10 17:38:26,597 - INFO - Check completed: 0 seats remaining
2025-04-10 17:38:26,597 - INFO - Class is still full.
2025-04-10 17:38:41,597 - INFO - Checking at 2025-04-10 17:38:41...
2025-04-10 17:38:41,746 - INFO - Check completed: 0 seats remaining
2025-04-10 17:38:41,746 - INFO - Class is still full.
2025-04-10 17:38:56,746 - INFO - Checking at 2025-04-10 17:38:56...
2025-04-10 17:38:56,891 - INFO - Check completed: 0 seats remaining
2025-04-10 17:38:56,891 - INFO - Class is still full.
2025-04-10 17:39:11,892 - INFO - Checking at 2025-04-10 17:39:11...
2025-04-10 17:39:12,031 - INFO - Check completed: 0 seats remaining
2025-04-10 17:39:12,032 - INFO - Class is still full.
2025-04-10 17:39:27,032 - INFO - Checking at 2025-04-10 17:39:27...
2025-04-10 17:39:27,174 - INFO - Check completed: 0 seats remaining
2025-04-10 17:39:27,175 - INFO - Class is still full.
2025-04-10 17:39:42,175 - INFO - Checking at 2025-04-10 17:39:42...
2025-04-10 17:39:42,307 - INFO - Check completed: 0 seats remaining
2025-04-10 17:39:42,308 - INFO - Class is still full.
2025-04-10 17:39:57,308 - INFO - Checking at 2025-04-10 17:39:57...
2025-04-10 17:39:57,481 - INFO - Check completed: 0 seats remaining
2025-04-10 17:39:57,481 - INFO - Class is still full.
2025-04-10 17:40:12,482 - INFO - Checking at 2025-04-10 17:40:12...
2025-04-10 17:40:12,614 - INFO - Check completed: 0 seats remaining
2025-04-10 17:40:12,615 - INFO - Class is still full.
2025-04-10 17:40:27,615 - INFO - Checking at 2025-04-10 17:40:27...
2025-04-10 17:40:27,783 - INFO - Check completed: 0 seats remaining
2025-04-10 17:40:27,783 - INFO - Class is still full.
2025-04-10 17:40:42,783 - INFO - Checking at 2025-04-10 17:40:42...
2025-04-10 17:40:42,976 - INFO - Check completed: 0 seats remaining
2025-04-10 17:40:42,976 - INFO - Class is still full.
2025-04-10 17:40:57,976 - INFO - Checking at 2025-04-10 17:40:57...
2025-04-10 17:40:58,138 - INFO - Check completed: 0 seats remaining
2025-04-10 17:40:58,138 - INFO - Class is still full.
2025-04-10 17:41:13,139 - INFO - Checking at 2025-04-10 17:41:13...
2025-04-10 17:41:13,280 - INFO - Check completed: 0 seats remaining
2025-04-10 17:41:13,280 - INFO - Class is still full.
2025-04-10 17:41:28,281 - INFO - Checking at 2025-04-10 17:41:28...
2025-04-10 17:41:28,449 - INFO - Check completed: 0 seats remaining
2025-04-10 17:41:28,450 - INFO - Class is still full.
2025-04-10 17:41:43,450 - INFO - Checking at 2025-04-10 17:41:43...
2025-04-10 17:41:43,586 - INFO - Check completed: 0 seats remaining
2025-04-10 17:41:43,586 - INFO - Class is still full.
2025-04-10 17:41:58,587 - INFO - Checking at 2025-04-10 17:41:58...
2025-04-10 17:41:58,722 - INFO - Check completed: 0 seats remaining
2025-04-10 17:41:58,722 - INFO - Class is still full.
2025-04-10 17:42:13,723 - INFO - Checking at 2025-04-10 17:42:13...
2025-04-10 17:42:13,857 - INFO - Check completed: 0 seats remaining
2025-04-10 17:42:13,858 - INFO - Class is still full.
2025-04-10 17:42:28,858 - INFO - Checking at 2025-04-10 17:42:28...
2025-04-10 17:42:28,996 - INFO - Check completed: 0 seats remaining
2025-04-10 17:42:28,997 - INFO - Class is still full.
2025-04-10 17:42:43,997 - INFO - Checking at 2025-04-10 17:42:43...
2025-04-10 17:42:44,136 - INFO - Check completed: 0 seats remaining
2025-04-10 17:42:44,136 - INFO - Class is still full.
2025-04-10 17:42:59,137 - INFO - Checking at 2025-04-10 17:42:59...
2025-04-10 17:42:59,326 - INFO - Check completed: 0 seats remaining
2025-04-10 17:42:59,327 - INFO - Class is still full.
2025-04-10 17:43:14,327 - INFO - Checking at 2025-04-10 17:43:14...
2025-04-10 17:43:14,468 - INFO - Check completed: 0 seats remaining
2025-04-10 17:43:14,468 - INFO - Class is still full.
2025-04-10 17:43:29,468 - INFO - Checking at 2025-04-10 17:43:29...
2025-04-10 17:43:29,632 - INFO - Check completed: 0 seats remaining
2025-04-10 17:43:29,632 - INFO - Class is still full.
2025-04-10 17:43:44,632 - INFO - Checking at 2025-04-10 17:43:44...
2025-04-10 17:43:44,763 - INFO - Check completed: 0 seats remaining
2025-04-10 17:43:44,764 - INFO - Class is still full.
2025-04-10 17:43:59,764 - INFO - Checking at 2025-04-10 17:43:59...
2025-04-10 17:43:59,900 - INFO - Check completed: 0 seats remaining
2025-04-10 17:43:59,900 - INFO - Class is still full.
2025-04-10 17:44:14,901 - INFO - Checking at 2025-04-10 17:44:14...
2025-04-10 17:44:15,036 - INFO - Check completed: 0 seats remaining
2025-04-10 17:44:15,036 - INFO - Class is still full.
2025-04-10 17:44:30,036 - INFO - Checking at 2025-04-10 17:44:30...
2025-04-10 17:44:30,172 - INFO - Check completed: 0 seats remaining
2025-04-10 17:44:30,172 - INFO - Class is still full.
2025-04-10 17:44:45,172 - INFO - Checking at 2025-04-10 17:44:45...
2025-04-10 17:44:45,299 - INFO - Check completed: 0 seats remaining
2025-04-10 17:44:45,299 - INFO - Class is still full.
2025-04-10 17:45:00,299 - INFO - Checking at 2025-04-10 17:45:00...
2025-04-10 17:45:00,475 - INFO - Check completed: 0 seats remaining
2025-04-10 17:45:00,475 - INFO - Class is still full.
2025-04-10 17:45:15,475 - INFO - Checking at 2025-04-10 17:45:15...
2025-04-10 17:45:15,610 - INFO - Check completed: 0 seats remaining
2025-04-10 17:45:15,610 - INFO - Class is still full.
2025-04-10 17:45:30,610 - INFO - Checking at 2025-04-10 17:45:30...
2025-04-10 17:45:30,749 - INFO - Check completed: 0 seats remaining
2025-04-10 17:45:30,749 - INFO - Class is still full.
2025-04-10 17:45:45,749 - INFO - Checking at 2025-04-10 17:45:45...
2025-04-10 17:45:45,940 - INFO - Check completed: 0 seats remaining
2025-04-10 17:45:45,941 - INFO - Class is still full.
2025-04-10 17:46:00,941 - INFO - Checking at 2025-04-10 17:46:00...
2025-04-10 17:46:01,125 - INFO - Check completed: 0 seats remaining
2025-04-10 17:46:01,125 - INFO - Class is still full.
2025-04-10 17:46:16,125 - INFO - Checking at 2025-04-10 17:46:16...
2025-04-10 17:46:16,257 - INFO - Check completed: 0 seats remaining
2025-04-10 17:46:16,258 - INFO - Class is still full.
2025-04-10 17:46:31,258 - INFO - Checking at 2025-04-10 17:46:31...
2025-04-10 17:46:31,439 - INFO - Check completed: 0 seats remaining
2025-04-10 17:46:31,439 - INFO - Class is still full.
2025-04-10 17:46:46,439 - INFO - Checking at 2025-04-10 17:46:46...
2025-04-10 17:46:46,590 - INFO - Check completed: 0 seats remaining
2025-04-10 17:46:46,591 - INFO - Class is still full.
2025-04-10 17:47:01,591 - INFO - Checking at 2025-04-10 17:47:01...
2025-04-10 17:47:01,728 - INFO - Check completed: 0 seats remaining
2025-04-10 17:47:01,728 - INFO - Class is still full.
2025-04-10 17:47:16,729 - INFO - Checking at 2025-04-10 17:47:16...
2025-04-10 17:47:16,856 - INFO - Check completed: 0 seats remaining
2025-04-10 17:47:16,857 - INFO - Class is still full.
2025-04-10 20:18:54,873 - INFO - Checking at 2025-04-10 20:18:54...
2025-04-10 20:18:55,008 - INFO - Check completed: 0 seats remaining
2025-04-10 20:18:55,008 - INFO - Class is still full.
2025-04-10 20:19:10,008 - INFO - Checking at 2025-04-10 20:19:10...
2025-04-10 20:19:10,141 - INFO - Check completed: 0 seats remaining
2025-04-10 20:19:10,141 - INFO - Class is still full.
2025-04-10 20:19:25,142 - INFO - Checking at 2025-04-10 20:19:25...
2025-04-10 20:19:25,294 - INFO - Check completed: 0 seats remaining
2025-04-10 20:19:25,294 - INFO - Class is still full.
2025-04-10 20:19:40,295 - INFO - Checking at 2025-04-10 20:19:40...
2025-04-10 20:19:40,423 - INFO - Check completed: 0 seats remaining
2025-04-10 20:19:40,423 - INFO - Class is still full.
2025-04-10 20:19:55,423 - INFO - Checking at 2025-04-10 20:19:55...
2025-04-10 20:19:55,556 - INFO - Check completed: 0 seats remaining
2025-04-10 20:19:55,556 - INFO - Class is still full.
2025-04-10 20:20:10,556 - INFO - Checking at 2025-04-10 20:20:10...
2025-04-10 20:20:10,695 - INFO - Check completed: 0 seats remaining
2025-04-10 20:20:10,695 - INFO - Class is still full.
2025-04-10 20:20:25,695 - INFO - Checking at 2025-04-10 20:20:25...
2025-04-10 20:20:27,314 - INFO - Check completed: 0 seats remaining
2025-04-10 20:20:27,315 - INFO - Class is still full.
2025-04-10 20:20:42,315 - INFO - Checking at 2025-04-10 20:20:42...
2025-04-10 20:20:42,449 - INFO - Check completed: 0 seats remaining
2025-04-10 20:20:42,449 - INFO - Class is still full.
2025-04-10 20:20:57,449 - INFO - Checking at 2025-04-10 20:20:57...
2025-04-10 20:20:57,583 - INFO - Check completed: 0 seats remaining
2025-04-10 20:20:57,584 - INFO - Class is still full.
2025-04-10 20:21:12,584 - INFO - Checking at 2025-04-10 20:21:12...
2025-04-10 20:21:13,721 - INFO - Check completed: 0 seats remaining
2025-04-10 20:21:13,721 - INFO - Class is still full.
2025-04-10 20:21:28,722 - INFO - Checking at 2025-04-10 20:21:28...
2025-04-10 20:21:28,858 - INFO - Check completed: 0 seats remaining
2025-04-10 20:21:28,858 - INFO - Class is still full.
2025-04-10 20:21:43,859 - INFO - Checking at 2025-04-10 20:21:43...
2025-04-10 20:21:43,989 - INFO - Check completed: 0 seats remaining
2025-04-10 20:21:43,990 - INFO - Class is still full.
2025-04-10 20:21:58,990 - INFO - Checking at 2025-04-10 20:21:58...
2025-04-10 20:21:59,146 - INFO - Check completed: 0 seats remaining
2025-04-10 20:21:59,146 - INFO - Class is still full.
2025-04-10 20:22:14,146 - INFO - Checking at 2025-04-10 20:22:14...
2025-04-10 20:22:14,284 - INFO - Check completed: 0 seats remaining
2025-04-10 20:22:14,284 - INFO - Class is still full.
2025-04-10 20:22:29,285 - INFO - Checking at 2025-04-10 20:22:29...
2025-04-10 20:22:29,425 - INFO - Check completed: 0 seats remaining
2025-04-10 20:22:29,425 - INFO - Class is still full.
2025-04-10 20:22:44,426 - INFO - Checking at 2025-04-10 20:22:44...
2025-04-10 20:22:44,554 - INFO - Check completed: 0 seats remaining
2025-04-10 20:22:44,554 - INFO - Class is still full.
2025-04-10 20:22:59,554 - INFO - Checking at 2025-04-10 20:22:59...
2025-04-10 20:22:59,691 - INFO - Check completed: 0 seats remaining
2025-04-10 20:22:59,691 - INFO - Class is still full.
2025-04-10 20:23:14,691 - INFO - Checking at 2025-04-10 20:23:14...
2025-04-10 20:23:14,830 - INFO - Check completed: 0 seats remaining
2025-04-10 20:23:14,830 - INFO - Class is still full.
2025-04-10 20:23:29,830 - INFO - Checking at 2025-04-10 20:23:29...
2025-04-10 20:23:29,960 - INFO - Check completed: 0 seats remaining
2025-04-10 20:23:29,961 - INFO - Class is still full.
2025-04-10 20:23:44,961 - INFO - Checking at 2025-04-10 20:23:44...
2025-04-10 20:23:46,325 - INFO - Check completed: 0 seats remaining
2025-04-10 20:23:46,325 - INFO - Class is still full.
2025-04-10 20:24:01,325 - INFO - Checking at 2025-04-10 20:24:01...
2025-04-10 20:24:01,460 - INFO - Check completed: 0 seats remaining
2025-04-10 20:24:01,461 - INFO - Class is still full.
2025-04-10 20:24:16,461 - INFO - Checking at 2025-04-10 20:24:16...
2025-04-10 20:24:16,591 - INFO - Check completed: 0 seats remaining
2025-04-10 20:24:16,591 - INFO - Class is still full.
2025-04-10 20:24:31,591 - INFO - Checking at 2025-04-10 20:24:31...
2025-04-10 20:24:31,724 - INFO - Check completed: 0 seats remaining
2025-04-10 20:24:31,724 - INFO - Class is still full.
2025-04-10 20:24:46,724 - INFO - Checking at 2025-04-10 20:24:46...
2025-04-10 20:24:46,854 - INFO - Check completed: 0 seats remaining
2025-04-10 20:24:46,854 - INFO - Class is still full.
2025-04-10 20:25:01,855 - INFO - Checking at 2025-04-10 20:25:01...
2025-04-10 20:25:01,992 - INFO - Check completed: 0 seats remaining
2025-04-10 20:25:01,993 - INFO - Class is still full.
2025-04-10 20:25:16,993 - INFO - Checking at 2025-04-10 20:25:16...
2025-04-10 20:25:17,132 - INFO - Check completed: 0 seats remaining
2025-04-10 20:25:17,132 - INFO - Class is still full.
2025-04-10 20:25:32,132 - INFO - Checking at 2025-04-10 20:25:32...
2025-04-10 20:25:32,265 - INFO - Check completed: 0 seats remaining
2025-04-10 20:25:32,266 - INFO - Class is still full.
2025-04-10 20:25:47,266 - INFO - Checking at 2025-04-10 20:25:47...
2025-04-10 20:25:47,422 - INFO - Check completed: 0 seats remaining
2025-04-10 20:25:47,422 - INFO - Class is still full.
2025-04-10 20:26:02,423 - INFO - Checking at 2025-04-10 20:26:02...
2025-04-10 20:26:02,590 - INFO - Check completed: 0 seats remaining
2025-04-10 20:26:02,590 - INFO - Class is still full.
2025-04-10 20:26:17,590 - INFO - Checking at 2025-04-10 20:26:17...
2025-04-10 20:26:17,737 - INFO - Check completed: 0 seats remaining
2025-04-10 20:26:17,737 - INFO - Class is still full.
2025-04-10 20:26:32,738 - INFO - Checking at 2025-04-10 20:26:32...
2025-04-10 20:26:32,871 - INFO - Check completed: 0 seats remaining
2025-04-10 20:26:32,871 - INFO - Class is still full.
2025-04-10 20:26:47,872 - INFO - Checking at 2025-04-10 20:26:47...
2025-04-10 20:26:48,005 - INFO - Check completed: 0 seats remaining
2025-04-10 20:26:48,006 - INFO - Class is still full.
2025-04-10 20:27:03,006 - INFO - Checking at 2025-04-10 20:27:03...
2025-04-10 20:27:03,148 - INFO - Check completed: 0 seats remaining
2025-04-10 20:27:03,148 - INFO - Class is still full.
2025-04-10 20:27:18,148 - INFO - Checking at 2025-04-10 20:27:18...
2025-04-10 20:27:18,315 - INFO - Check completed: 0 seats remaining
2025-04-10 20:27:18,315 - INFO - Class is still full.
2025-04-10 20:27:33,316 - INFO - Checking at 2025-04-10 20:27:33...
2025-04-10 20:27:33,448 - INFO - Check completed: 0 seats remaining
2025-04-10 20:27:33,449 - INFO - Class is still full.
2025-04-10 20:27:48,449 - INFO - Checking at 2025-04-10 20:27:48...
2025-04-10 20:27:48,593 - INFO - Check completed: 0 seats remaining
2025-04-10 20:27:48,593 - INFO - Class is still full.
2025-04-10 20:28:03,593 - INFO - Checking at 2025-04-10 20:28:03...
2025-04-10 20:28:03,744 - INFO - Check completed: 0 seats remaining
2025-04-10 20:28:03,744 - INFO - Class is still full.
2025-04-10 20:28:18,745 - INFO - Checking at 2025-04-10 20:28:18...
2025-04-10 20:28:18,879 - INFO - Check completed: 0 seats remaining
2025-04-10 20:28:18,880 - INFO - Class is still full.
2025-04-10 20:28:33,880 - INFO - Checking at 2025-04-10 20:28:33...
2025-04-10 20:28:34,040 - INFO - Check completed: 0 seats remaining
2025-04-10 20:28:34,040 - INFO - Class is still full.
2025-04-10 20:28:49,040 - INFO - Checking at 2025-04-10 20:28:49...
2025-04-10 20:28:49,173 - INFO - Check completed: 0 seats remaining
2025-04-10 20:28:49,173 - INFO - Class is still full.
2025-04-10 20:29:04,173 - INFO - Checking at 2025-04-10 20:29:04...
2025-04-10 20:29:04,307 - INFO - Check completed: 0 seats remaining
2025-04-10 20:29:04,307 - INFO - Class is still full.
2025-04-10 20:29:19,308 - INFO - Checking at 2025-04-10 20:29:19...
2025-04-10 20:29:19,461 - INFO - Check completed: 0 seats remaining
2025-04-10 20:29:19,461 - INFO - Class is still full.
2025-04-10 20:29:34,461 - INFO - Checking at 2025-04-10 20:29:34...
2025-04-10 20:29:34,594 - INFO - Check completed: 0 seats remaining
2025-04-10 20:29:34,595 - INFO - Class is still full.
2025-04-10 20:29:49,595 - INFO - Checking at 2025-04-10 20:29:49...
2025-04-10 20:29:49,742 - INFO - Check completed: 0 seats remaining
2025-04-10 20:29:49,742 - INFO - Class is still full.
2025-04-10 20:30:04,742 - INFO - Checking at 2025-04-10 20:30:04...
2025-04-10 20:30:04,874 - INFO - Check completed: 0 seats remaining
2025-04-10 20:30:04,875 - INFO - Class is still full.
2025-04-10 20:30:19,875 - INFO - Checking at 2025-04-10 20:30:19...
2025-04-10 20:30:20,053 - INFO - Check completed: 0 seats remaining
2025-04-10 20:30:20,053 - INFO - Class is still full.
2025-04-10 20:30:35,053 - INFO - Checking at 2025-04-10 20:30:35...
2025-04-10 20:30:35,348 - INFO - Check completed: 0 seats remaining
2025-04-10 20:30:35,348 - INFO - Class is still full.
2025-04-10 20:30:50,348 - INFO - Checking at 2025-04-10 20:30:50...
2025-04-10 20:30:50,492 - INFO - Check completed: 0 seats remaining
2025-04-10 20:30:50,492 - INFO - Class is still full.
2025-04-10 20:31:05,493 - INFO - Checking at 2025-04-10 20:31:05...
2025-04-10 20:31:05,633 - INFO - Check completed: 0 seats remaining
2025-04-10 20:31:05,634 - INFO - Class is still full.
2025-04-10 20:31:20,634 - INFO - Checking at 2025-04-10 20:31:20...
2025-04-10 20:31:20,775 - INFO - Check completed: 0 seats remaining
2025-04-10 20:31:20,776 - INFO - Class is still full.
2025-04-10 20:31:35,776 - INFO - Checking at 2025-04-10 20:31:35...
2025-04-10 20:31:35,910 - INFO - Check completed: 0 seats remaining
2025-04-10 20:31:35,910 - INFO - Class is still full.
2025-04-10 20:31:50,910 - INFO - Checking at 2025-04-10 20:31:50...
2025-04-10 20:31:51,040 - INFO - Check completed: 0 seats remaining
2025-04-10 20:31:51,041 - INFO - Class is still full.
2025-04-10 20:32:06,041 - INFO - Checking at 2025-04-10 20:32:06...
2025-04-10 20:32:06,175 - INFO - Check completed: 0 seats remaining
2025-04-10 20:32:06,176 - INFO - Class is still full.
2025-04-10 20:32:21,176 - INFO - Checking at 2025-04-10 20:32:21...
2025-04-10 20:32:21,312 - INFO - Check completed: 0 seats remaining
2025-04-10 20:32:21,312 - INFO - Class is still full.
2025-04-10 20:32:36,312 - INFO - Checking at 2025-04-10 20:32:36...
2025-04-10 20:32:36,447 - INFO - Check completed: 0 seats remaining
2025-04-10 20:32:36,447 - INFO - Class is still full.
2025-04-10 20:32:51,447 - INFO - Checking at 2025-04-10 20:32:51...
2025-04-10 20:32:51,587 - INFO - Check completed: 0 seats remaining
2025-04-10 20:32:51,587 - INFO - Class is still full.
2025-04-10 20:33:06,587 - INFO - Checking at 2025-04-10 20:33:06...
2025-04-10 20:33:06,718 - INFO - Check completed: 0 seats remaining
2025-04-10 20:33:06,719 - INFO - Class is still full.
2025-04-10 20:33:21,719 - INFO - Checking at 2025-04-10 20:33:21...
2025-04-10 20:33:21,852 - INFO - Check completed: 0 seats remaining
2025-04-10 20:33:21,853 - INFO - Class is still full.
2025-04-10 20:33:36,853 - INFO - Checking at 2025-04-10 20:33:36...
2025-04-10 20:33:36,986 - INFO - Check completed: 0 seats remaining
2025-04-10 20:33:36,986 - INFO - Class is still full.
2025-04-10 20:33:51,986 - INFO - Checking at 2025-04-10 20:33:51...
2025-04-10 20:33:52,128 - INFO - Check completed: 0 seats remaining
2025-04-10 20:33:52,129 - INFO - Class is still full.
2025-04-10 20:34:07,129 - INFO - Checking at 2025-04-10 20:34:07...
2025-04-10 20:34:07,287 - INFO - Check completed: 0 seats remaining
2025-04-10 20:34:07,287 - INFO - Class is still full.
2025-04-10 20:34:22,288 - INFO - Checking at 2025-04-10 20:34:22...
2025-04-10 20:34:22,418 - INFO - Check completed: 0 seats remaining
2025-04-10 20:34:22,418 - INFO - Class is still full.
2025-04-10 20:34:37,418 - INFO - Checking at 2025-04-10 20:34:37...
2025-04-10 20:34:37,576 - INFO - Check completed: 0 seats remaining
2025-04-10 20:34:37,576 - INFO - Class is still full.
2025-04-10 20:34:52,577 - INFO - Checking at 2025-04-10 20:34:52...
2025-04-10 20:34:52,709 - INFO - Check completed: 0 seats remaining
2025-04-10 20:34:52,710 - INFO - Class is still full.
2025-04-10 20:35:07,710 - INFO - Checking at 2025-04-10 20:35:07...
2025-04-10 20:35:07,857 - INFO - Check completed: 0 seats remaining
2025-04-10 20:35:07,857 - INFO - Class is still full.
2025-04-10 20:35:22,857 - INFO - Checking at 2025-04-10 20:35:22...
2025-04-10 20:35:23,006 - INFO - Check completed: 0 seats remaining
2025-04-10 20:35:23,006 - INFO - Class is still full.
2025-04-10 20:35:38,006 - INFO - Checking at 2025-04-10 20:35:38...
2025-04-10 20:35:38,139 - INFO - Check completed: 0 seats remaining
2025-04-10 20:35:38,140 - INFO - Class is still full.
2025-04-10 20:35:53,140 - INFO - Checking at 2025-04-10 20:35:53...
2025-04-10 20:35:53,272 - INFO - Check completed: 0 seats remaining
2025-04-10 20:35:53,272 - INFO - Class is still full.
2025-04-10 20:36:08,273 - INFO - Checking at 2025-04-10 20:36:08...
2025-04-10 20:36:08,410 - INFO - Check completed: 0 seats remaining
2025-04-10 20:36:08,411 - INFO - Class is still full.
2025-04-10 20:36:23,411 - INFO - Checking at 2025-04-10 20:36:23...
2025-04-10 20:36:23,546 - INFO - Check completed: 0 seats remaining
2025-04-10 20:36:23,547 - INFO - Class is still full.
2025-04-10 20:36:38,547 - INFO - Checking at 2025-04-10 20:36:38...
2025-04-10 20:36:38,679 - INFO - Check completed: 0 seats remaining
2025-04-10 20:36:38,679 - INFO - Class is still full.
2025-04-10 20:36:53,679 - INFO - Checking at 2025-04-10 20:36:53...
2025-04-10 20:36:53,833 - INFO - Check completed: 0 seats remaining
2025-04-10 20:36:53,833 - INFO - Class is still full.
2025-04-10 20:37:08,833 - INFO - Checking at 2025-04-10 20:37:08...
2025-04-10 20:37:08,979 - INFO - Check completed: 0 seats remaining
2025-04-10 20:37:08,979 - INFO - Class is still full.
2025-04-10 20:37:23,980 - INFO - Checking at 2025-04-10 20:37:23...
2025-04-10 20:37:24,110 - INFO - Check completed: 0 seats remaining
2025-04-10 20:37:24,110 - INFO - Class is still full.
2025-04-10 20:37:39,111 - INFO - Checking at 2025-04-10 20:37:39...
2025-04-10 20:37:39,242 - INFO - Check completed: 0 seats remaining
2025-04-10 20:37:39,242 - INFO - Class is still full.
2025-04-10 20:37:54,243 - INFO - Checking at 2025-04-10 20:37:54...
2025-04-10 20:37:54,394 - INFO - Check completed: 0 seats remaining
2025-04-10 20:37:54,394 - INFO - Class is still full.
2025-04-10 20:38:09,395 - INFO - Checking at 2025-04-10 20:38:09...
2025-04-10 20:38:09,546 - INFO - Check completed: 0 seats remaining
2025-04-10 20:38:09,546 - INFO - Class is still full.
2025-04-10 20:38:24,546 - INFO - Checking at 2025-04-10 20:38:24...
2025-04-10 20:38:24,674 - INFO - Check completed: 0 seats remaining
2025-04-10 20:38:24,674 - INFO - Class is still full.
2025-04-10 20:38:39,674 - INFO - Checking at 2025-04-10 20:38:39...
2025-04-10 20:38:39,811 - INFO - Check completed: 0 seats remaining
2025-04-10 20:38:39,811 - INFO - Class is still full.
2025-04-10 20:38:54,811 - INFO - Checking at 2025-04-10 20:38:54...
2025-04-10 20:38:54,952 - INFO - Check completed: 0 seats remaining
2025-04-10 20:38:54,952 - INFO - Class is still full.
2025-04-10 20:39:09,953 - INFO - Checking at 2025-04-10 20:39:09...
2025-04-10 20:39:10,088 - INFO - Check completed: 0 seats remaining
2025-04-10 20:39:10,088 - INFO - Class is still full.
2025-04-10 20:39:25,088 - INFO - Checking at 2025-04-10 20:39:25...
2025-04-10 20:39:25,219 - INFO - Check completed: 0 seats remaining
2025-04-10 20:39:25,219 - INFO - Class is still full.
2025-04-10 20:39:40,219 - INFO - Checking at 2025-04-10 20:39:40...
2025-04-10 20:39:40,350 - INFO - Check completed: 0 seats remaining
2025-04-10 20:39:40,350 - INFO - Class is still full.
2025-04-10 20:39:55,351 - INFO - Checking at 2025-04-10 20:39:55...
2025-04-10 20:39:55,484 - INFO - Check completed: 0 seats remaining
2025-04-10 20:39:55,484 - INFO - Class is still full.
2025-04-10 20:40:10,485 - INFO - Checking at 2025-04-10 20:40:10...
2025-04-10 20:40:10,619 - INFO - Check completed: 0 seats remaining
2025-04-10 20:40:10,619 - INFO - Class is still full.
2025-04-10 20:40:25,619 - INFO - Checking at 2025-04-10 20:40:25...
2025-04-10 20:40:25,766 - INFO - Check completed: 0 seats remaining
2025-04-10 20:40:25,766 - INFO - Class is still full.
2025-04-10 20:40:40,767 - INFO - Checking at 2025-04-10 20:40:40...
2025-04-10 20:40:40,901 - INFO - Check completed: 0 seats remaining
2025-04-10 20:40:40,901 - INFO - Class is still full.
2025-04-10 20:40:55,901 - INFO - Checking at 2025-04-10 20:40:55...
2025-04-10 20:40:56,033 - INFO - Check completed: 0 seats remaining
2025-04-10 20:40:56,033 - INFO - Class is still full.
2025-04-10 20:41:11,033 - INFO - Checking at 2025-04-10 20:41:11...
2025-04-10 20:41:11,164 - INFO - Check completed: 0 seats remaining
2025-04-10 20:41:11,164 - INFO - Class is still full.
2025-04-10 20:41:26,165 - INFO - Checking at 2025-04-10 20:41:26...
2025-04-10 20:41:26,300 - INFO - Check completed: 0 seats remaining
2025-04-10 20:41:26,300 - INFO - Class is still full.
2025-04-10 20:41:41,301 - INFO - Checking at 2025-04-10 20:41:41...
2025-04-10 20:41:41,442 - INFO - Check completed: 0 seats remaining
2025-04-10 20:41:41,442 - INFO - Class is still full.
2025-04-10 20:41:56,442 - INFO - Checking at 2025-04-10 20:41:56...
2025-04-10 20:41:56,577 - INFO - Check completed: 0 seats remaining
2025-04-10 20:41:56,577 - INFO - Class is still full.
2025-04-10 20:42:11,577 - INFO - Checking at 2025-04-10 20:42:11...
2025-04-10 20:42:11,725 - INFO - Check completed: 0 seats remaining
2025-04-10 20:42:11,725 - INFO - Class is still full.
2025-04-10 20:42:26,725 - INFO - Checking at 2025-04-10 20:42:26...
2025-04-10 20:42:26,856 - INFO - Check completed: 0 seats remaining
2025-04-10 20:42:26,856 - INFO - Class is still full.
2025-04-10 20:42:41,856 - INFO - Checking at 2025-04-10 20:42:41...
2025-04-10 20:42:42,012 - INFO - Check completed: 0 seats remaining
2025-04-10 20:42:42,012 - INFO - Class is still full.
2025-04-10 20:42:57,013 - INFO - Checking at 2025-04-10 20:42:57...
2025-04-10 20:42:57,145 - INFO - Check completed: 0 seats remaining
2025-04-10 20:42:57,145 - INFO - Class is still full.
2025-04-10 20:43:12,145 - INFO - Checking at 2025-04-10 20:43:12...
2025-04-10 20:43:12,279 - INFO - Check completed: 0 seats remaining
2025-04-10 20:43:12,279 - INFO - Class is still full.
2025-04-10 20:43:27,280 - INFO - Checking at 2025-04-10 20:43:27...
2025-04-10 20:43:27,408 - INFO - Check completed: 0 seats remaining
2025-04-10 20:43:27,408 - INFO - Class is still full.
2025-04-10 20:43:42,408 - INFO - Checking at 2025-04-10 20:43:42...
2025-04-10 20:43:42,540 - INFO - Check completed: 0 seats remaining
2025-04-10 20:43:42,540 - INFO - Class is still full.
2025-04-10 20:43:57,540 - INFO - Checking at 2025-04-10 20:43:57...
2025-04-10 20:43:57,676 - INFO - Check completed: 0 seats remaining
2025-04-10 20:43:57,677 - INFO - Class is still full.
2025-04-10 20:44:12,677 - INFO - Checking at 2025-04-10 20:44:12...
2025-04-10 20:44:12,826 - INFO - Check completed: 0 seats remaining
2025-04-10 20:44:12,826 - INFO - Class is still full.
2025-04-10 20:44:27,826 - INFO - Checking at 2025-04-10 20:44:27...
2025-04-10 20:44:27,961 - INFO - Check completed: 0 seats remaining
2025-04-10 20:44:27,961 - INFO - Class is still full.
2025-04-10 20:44:42,962 - INFO - Checking at 2025-04-10 20:44:42...
2025-04-10 20:44:43,126 - INFO - Check completed: 0 seats remaining
2025-04-10 20:44:43,127 - INFO - Class is still full.
2025-04-10 20:44:58,127 - INFO - Checking at 2025-04-10 20:44:58...
2025-04-10 20:44:58,255 - INFO - Check completed: 0 seats remaining
2025-04-10 20:44:58,256 - INFO - Class is still full.
2025-04-10 20:45:13,256 - INFO - Checking at 2025-04-10 20:45:13...
2025-04-10 20:45:13,400 - INFO - Check completed: 0 seats remaining
2025-04-10 20:45:13,400 - INFO - Class is still full.
2025-04-10 20:45:28,400 - INFO - Checking at 2025-04-10 20:45:28...
2025-04-10 20:45:28,536 - INFO - Check completed: 0 seats remaining
2025-04-10 20:45:28,537 - INFO - Class is still full.
2025-04-10 20:45:43,537 - INFO - Checking at 2025-04-10 20:45:43...
2025-04-10 20:45:43,675 - INFO - Check completed: 0 seats remaining
2025-04-10 20:45:43,676 - INFO - Class is still full.
2025-04-10 20:45:58,676 - INFO - Checking at 2025-04-10 20:45:58...
2025-04-10 20:45:58,802 - INFO - Check completed: 0 seats remaining
2025-04-10 20:45:58,803 - INFO - Class is still full.
2025-04-10 20:46:13,803 - INFO - Checking at 2025-04-10 20:46:13...
2025-04-10 20:46:13,934 - INFO - Check completed: 0 seats remaining
2025-04-10 20:46:13,934 - INFO - Class is still full.
2025-04-10 20:46:28,934 - INFO - Checking at 2025-04-10 20:46:28...
2025-04-10 20:46:29,098 - INFO - Check completed: 0 seats remaining
2025-04-10 20:46:29,099 - INFO - Class is still full.
2025-04-10 20:46:44,099 - INFO - Checking at 2025-04-10 20:46:44...
2025-04-10 20:46:44,235 - INFO - Check completed: 0 seats remaining
2025-04-10 20:46:44,236 - INFO - Class is still full.
2025-04-10 20:46:59,236 - INFO - Checking at 2025-04-10 20:46:59...
2025-04-10 20:46:59,368 - INFO - Check completed: 0 seats remaining
2025-04-10 20:46:59,369 - INFO - Class is still full.
2025-04-10 20:47:14,369 - INFO - Checking at 2025-04-10 20:47:14...
2025-04-10 20:47:14,514 - INFO - Check completed: 0 seats remaining
2025-04-10 20:47:14,514 - INFO - Class is still full.
2025-04-10 20:47:29,515 - INFO - Checking at 2025-04-10 20:47:29...
2025-04-10 20:47:29,653 - INFO - Check completed: 0 seats remaining
2025-04-10 20:47:29,653 - INFO - Class is still full.
2025-04-10 20:47:44,653 - INFO - Checking at 2025-04-10 20:47:44...
2025-04-10 20:47:44,808 - INFO - Check completed: 0 seats remaining
2025-04-10 20:47:44,809 - INFO - Class is still full.
2025-04-10 20:47:59,809 - INFO - Checking at 2025-04-10 20:47:59...
2025-04-10 20:47:59,945 - INFO - Check completed: 0 seats remaining
2025-04-10 20:47:59,945 - INFO - Class is still full.
2025-04-10 20:48:14,946 - INFO - Checking at 2025-04-10 20:48:14...
2025-04-10 20:48:15,083 - INFO - Check completed: 0 seats remaining
2025-04-10 20:48:15,083 - INFO - Class is still full.
2025-04-10 20:48:30,084 - INFO - Checking at 2025-04-10 20:48:30...
2025-04-10 20:48:30,231 - INFO - Check completed: 0 seats remaining
2025-04-10 20:48:30,231 - INFO - Class is still full.
2025-04-10 20:48:45,232 - INFO - Checking at 2025-04-10 20:48:45...
2025-04-10 20:48:45,375 - INFO - Check completed: 0 seats remaining
2025-04-10 20:48:45,375 - INFO - Class is still full.
2025-04-10 20:49:00,376 - INFO - Checking at 2025-04-10 20:49:00...
2025-04-10 20:49:00,513 - INFO - Check completed: 0 seats remaining
2025-04-10 20:49:00,514 - INFO - Class is still full.
2025-04-10 20:49:15,515 - INFO - Checking at 2025-04-10 20:49:15...
2025-04-10 20:49:15,648 - INFO - Check completed: 0 seats remaining
2025-04-10 20:49:15,648 - INFO - Class is still full.
2025-04-10 20:49:30,648 - INFO - Checking at 2025-04-10 20:49:30...
2025-04-10 20:49:30,777 - INFO - Check completed: 0 seats remaining
2025-04-10 20:49:30,777 - INFO - Class is still full.
2025-04-10 20:49:45,777 - INFO - Checking at 2025-04-10 20:49:45...
2025-04-10 20:49:45,907 - INFO - Check completed: 0 seats remaining
2025-04-10 20:49:45,907 - INFO - Class is still full.
2025-04-10 20:50:00,907 - INFO - Checking at 2025-04-10 20:50:00...
2025-04-10 20:50:01,037 - INFO - Check completed: 0 seats remaining
2025-04-10 20:50:01,037 - INFO - Class is still full.
2025-04-10 20:50:16,037 - INFO - Checking at 2025-04-10 20:50:16...
2025-04-10 20:50:16,195 - INFO - Check completed: 0 seats remaining
2025-04-10 20:50:16,195 - INFO - Class is still full.
2025-04-10 20:50:31,196 - INFO - Checking at 2025-04-10 20:50:31...
2025-04-10 20:50:31,326 - INFO - Check completed: 0 seats remaining
2025-04-10 20:50:31,327 - INFO - Class is still full.
2025-04-10 20:50:46,327 - INFO - Checking at 2025-04-10 20:50:46...
2025-04-10 20:50:46,466 - INFO - Check completed: 0 seats remaining
2025-04-10 20:50:46,467 - INFO - Class is still full.
2025-04-10 20:51:01,467 - INFO - Checking at 2025-04-10 20:51:01...
2025-04-10 20:51:01,608 - INFO - Check completed: 0 seats remaining
2025-04-10 20:51:01,608 - INFO - Class is still full.
2025-04-10 20:51:16,609 - INFO - Checking at 2025-04-10 20:51:16...
2025-04-10 20:51:16,740 - INFO - Check completed: 0 seats remaining
2025-04-10 20:51:16,740 - INFO - Class is still full.
2025-04-10 20:51:31,740 - INFO - Checking at 2025-04-10 20:51:31...
2025-04-10 20:51:31,880 - INFO - Check completed: 0 seats remaining
2025-04-10 20:51:31,880 - INFO - Class is still full.
2025-04-10 20:51:46,881 - INFO - Checking at 2025-04-10 20:51:46...
2025-04-10 20:51:47,016 - INFO - Check completed: 0 seats remaining
2025-04-10 20:51:47,017 - INFO - Class is still full.
2025-04-10 20:52:02,017 - INFO - Checking at 2025-04-10 20:52:02...
2025-04-10 20:52:02,151 - INFO - Check completed: 0 seats remaining
2025-04-10 20:52:02,152 - INFO - Class is still full.
2025-04-10 20:52:17,152 - INFO - Checking at 2025-04-10 20:52:17...
2025-04-10 20:52:17,283 - INFO - Check completed: 0 seats remaining
2025-04-10 20:52:17,284 - INFO - Class is still full.
2025-04-10 20:52:32,284 - INFO - Checking at 2025-04-10 20:52:32...
2025-04-10 20:52:32,415 - INFO - Check completed: 0 seats remaining
2025-04-10 20:52:32,415 - INFO - Class is still full.
2025-04-10 20:52:47,416 - INFO - Checking at 2025-04-10 20:52:47...
2025-04-10 20:52:47,543 - INFO - Check completed: 0 seats remaining
2025-04-10 20:52:47,543 - INFO - Class is still full.
2025-04-10 20:53:02,544 - INFO - Checking at 2025-04-10 20:53:02...
2025-04-10 20:53:02,677 - INFO - Check completed: 0 seats remaining
2025-04-10 20:53:02,678 - INFO - Class is still full.
2025-04-10 20:53:17,678 - INFO - Checking at 2025-04-10 20:53:17...
2025-04-10 20:53:17,812 - INFO - Check completed: 0 seats remaining
2025-04-10 20:53:17,812 - INFO - Class is still full.
2025-04-10 20:53:32,813 - INFO - Checking at 2025-04-10 20:53:32...
2025-04-10 20:53:32,951 - INFO - Check completed: 0 seats remaining
2025-04-10 20:53:32,952 - INFO - Class is still full.
2025-04-10 20:53:47,953 - INFO - Checking at 2025-04-10 20:53:47...
2025-04-10 20:53:48,084 - INFO - Check completed: 0 seats remaining
2025-04-10 20:53:48,085 - INFO - Class is still full.
2025-04-10 20:54:03,085 - INFO - Checking at 2025-04-10 20:54:03...
2025-04-10 20:54:03,217 - INFO - Check completed: 0 seats remaining
2025-04-10 20:54:03,218 - INFO - Class is still full.
2025-04-10 20:54:18,218 - INFO - Checking at 2025-04-10 20:54:18...
2025-04-10 20:54:18,362 - INFO - Check completed: 0 seats remaining
2025-04-10 20:54:18,362 - INFO - Class is still full.
2025-04-10 20:54:33,363 - INFO - Checking at 2025-04-10 20:54:33...
2025-04-10 20:54:33,497 - INFO - Check completed: 0 seats remaining
2025-04-10 20:54:33,497 - INFO - Class is still full.
2025-04-10 20:54:48,497 - INFO - Checking at 2025-04-10 20:54:48...
2025-04-10 20:54:48,638 - INFO - Check completed: 0 seats remaining
2025-04-10 20:54:48,638 - INFO - Class is still full.
2025-04-10 20:55:03,639 - INFO - Checking at 2025-04-10 20:55:03...
2025-04-10 20:55:03,773 - INFO - Check completed: 0 seats remaining
2025-04-10 20:55:03,773 - INFO - Class is still full.
2025-04-11 08:41:52,877 - INFO - Checking at 2025-04-11 08:41:52...
2025-04-11 08:41:52,879 - ERROR - Request error: HTTPSConnectionPool(host='bnrordsp.neu.edu', port=443): Max retries exceeded with url: /ssb-prod/bwckschd.p_disp_listcrse?term_in=202610&subj_in=MATH&crse_in=2341&crn_in=10359 (Caused by NameResolutionError("<urllib3.connection.HTTPSConnection object at 0x00000291AF233250>: Failed to resolve 'bnrordsp.neu.edu' ([Errno 11001] getaddrinfo failed)"))
2025-04-11 08:41:52,879 - INFO - Class is still full.
2025-04-11 08:42:07,880 - INFO - Checking at 2025-04-11 08:42:07...
2025-04-11 08:42:08,017 - INFO - Check completed: 0 seats remaining
2025-04-11 08:42:08,018 - INFO - Class is still full.
2025-04-11 08:42:23,018 - INFO - Checking at 2025-04-11 08:42:23...
2025-04-11 08:42:23,177 - INFO - Check completed: 0 seats remaining
2025-04-11 08:42:23,177 - INFO - Class is still full.
2025-04-11 08:42:38,177 - INFO - Checking at 2025-04-11 08:42:38...
2025-04-11 08:42:38,310 - INFO - Check completed: 0 seats remaining
2025-04-11 08:42:38,310 - INFO - Class is still full.
2025-04-11 08:42:47,750 - INFO - Monitoring stopped by user.
2025-04-11 09:04:36,539 - INFO - Checking at 2025-04-11 09:04:36...
2025-04-11 09:04:36,681 - INFO - Check completed: 0 seats remaining
2025-04-11 09:04:36,682 - INFO - Class is still full.
2025-04-11 09:04:51,682 - INFO - Checking at 2025-04-11 09:04:51...
2025-04-11 09:04:51,818 - INFO - Check completed: 0 seats remaining
2025-04-11 09:04:51,819 - INFO - Class is still full.
2025-04-11 09:04:53,325 - INFO - Monitoring stopped by user.
